This file contains any messages produced by compilers while
running configure, to aid debugging if configure makes a mistake.

It was created by gprof configure 2.30, which was
generated by GNU Autoconf 2.64.  Invocation command line was

  $ /home/CCLI0/stm8-binutils-gdb-sources/gdb_w64_2/binutils-2.30/gprof/configure --srcdir=../../binutils-2.30/gprof --cache-file=./config.cache --with-gnu-as --with-gnu-ld --with-python=no --with-system-readline --with-libexpat-prefix=/usr/x86_64-w64-mingw32/sys-root/mingw/ --program-transform-name=s&^&stm8-& --disable-option-checking --build=i686-w64-mingw32 --host=x86_64-w64-mingw32 --target=stm8-none-elf32

## --------- ##
## Platform. ##
## --------- ##

hostname = OANBE02627
uname -m = x86_64
uname -r = 3.2.0-340.x86_64
uname -s = MINGW32_NT-10.0-17763
uname -v = 2021-08-02 16:30 UTC

/usr/bin/uname -p = unknown
/bin/uname -X     = unknown

/bin/arch              = x86_64
/usr/bin/arch -k       = unknown
/usr/convex/getsysinfo = unknown
/usr/bin/hostinfo      = unknown
/bin/machine           = unknown
/usr/bin/oslevel       = unknown
/bin/universe          = unknown

PATH: /mingw32/bin
PATH: /usr/local/bin
PATH: /usr/bin
PATH: /bin
PATH: /c/Windows/System32
PATH: /c/Windows
PATH: /c/Windows/System32/Wbem
PATH: /c/Windows/System32/WindowsPowerShell/v1.0/
PATH: /usr/bin/site_perl
PATH: /usr/bin/vendor_perl
PATH: /usr/bin/core_perl
PATH: /mingw64/bin


## ----------- ##
## Core tests. ##
## ----------- ##

configure:2102: loading site script /etc/config.site
| # This file is in public domain.
| # Original author: Karlson2k (Evgeny Grin)
| # Written for MSys2 to help running 'configure' scripts
| 
| # Defaults for MSys2/MinGW64-targeted programs
| 
| # Set proper selfname on bash and fallback to default name on other shells
| test -n "${BASH_SOURCE}" 2>/dev/null && config_site_me="${BASH_SOURCE[0]##*/}" || config_site_me=config.site
| 
| # Set default 'host' to speedup configure
| if test -z "$build_alias"; then
|   build_alias="${MSYSTEM_CHOST}"  && \
|     ${as_echo-echo} "$config_site_me:${as_lineno-$LINENO}: default build_alias set to $build_alias" >&5
| fi
| 
| # Set default 'prefix'
| if ( test -z "$prefix" || test "x$prefix" = "xNONE" ) && \
|     ( test -z "$exec_prefix" || test "x$exec_prefix" = "xNONE" ); then
|   prefix="${MSYSTEM_PREFIX}" && \
|     ${as_echo-echo} "$config_site_me:${as_lineno-$LINENO}: default prefix set to $prefix" >&5
| fi
config.site:20: default prefix set to /mingw32
configure:2121: creating cache ./config.cache
configure:2226: checking build system type
configure:2240: result: i686-w64-mingw32
configure:2260: checking host system type
configure:2273: result: x86_64-w64-mingw32
configure:2293: checking target system type
configure:2306: result: stm8-none-elf32
configure:2340: checking for x86_64-w64-mingw32-gcc
configure:2367: result: gcc
configure:2636: checking for C compiler version
configure:2645: gcc --version >&5
gcc.exe (Rev6, Built by MSYS2 project) 10.2.0
Copyright (C) 2020 Free Software Foundation, Inc.
This is free software; see the source for copying conditions.  There is NO
warranty; not even for MERCHANTABILITY or FITNESS FOR A PARTICULAR PURPOSE.

configure:2656: $? = 0
configure:2645: gcc -v >&5
Using built-in specs.
COLLECT_GCC=C:\msys64\mingw32\bin\gcc.exe
COLLECT_LTO_WRAPPER=C:/msys64/mingw32/bin/../lib/gcc/i686-w64-mingw32/10.2.0/lto-wrapper.exe
Target: i686-w64-mingw32
Configured with: ../gcc-10.2.0/configure --prefix=/mingw32 --with-local-prefix=/mingw32/local --build=i686-w64-mingw32 --host=i686-w64-mingw32 --target=i686-w64-mingw32 --with-native-system-header-dir=/mingw32/i686-w64-mingw32/include --libexecdir=/mingw32/lib --enable-bootstrap --with-arch=i686 --with-tune=generic --enable-languages=c,lto,c++,fortran,ada,objc,obj-c++,jit --enable-shared --enable-static --enable-libatomic --enable-threads=posix --enable-graphite --enable-fully-dynamic-string --enable-libstdcxx-filesystem-ts=yes --enable-libstdcxx-time=yes --disable-libstdcxx-pch --disable-libstdcxx-debug --disable-isl-version-check --enable-lto --enable-libgomp --disable-multilib --enable-checking=release --disable-rpath --disable-win32-registry --disable-nls --disable-werror --disable-symvers --disable-plugin --with-libiconv --with-system-zlib --with-gmp=/mingw32 --with-mpfr=/mingw32 --with-mpc=/mingw32 --with-isl=/mingw32 --with-pkgversion='Rev6, Built by MSYS2 project' --with-bugurl=https://github.com/msys2/MINGW-packages/issues --with-gnu-as --with-gnu-ld --with-boot-ldflags='-pipe -Wl,--dynamicbase,--nxcompat,--no-seh -Wl,--large-address-aware -Wl,--disable-dynamicbase -static-libstdc++ -static-libgcc' 'LDFLAGS_FOR_TARGET=-pipe -Wl,--dynamicbase,--nxcompat,--no-seh -Wl,--large-address-aware' --enable-linker-plugin-flags='LDFLAGS=-static-libstdc++\ -static-libgcc\ -pipe\ -Wl,--dynamicbase,--nxcompat,--no-seh\ -Wl,--large-address-aware\ -Wl,--stack,12582912' --disable-sjlj-exceptions --with-dwarf2
Thread model: posix
Supported LTO compression algorithms: zlib zstd
gcc version 10.2.0 (Rev6, Built by MSYS2 project) 
configure:2656: $? = 0
configure:2645: gcc -V >&5
gcc.exe: error: unrecognized command-line option '-V'
gcc.exe: fatal error: no input files
compilation terminated.
configure:2656: $? = 1
configure:2645: gcc -qversion >&5
gcc.exe: error: unrecognized command-line option '-qversion'; did you mean '--version'?
gcc.exe: fatal error: no input files
compilation terminated.
configure:2656: $? = 1
configure:2676: checking for C compiler default output file name
configure:2698: gcc -g -O2 -D__USE_MINGW_ACCESS  -static-libstdc++ -static-libgcc -static -Wl,--stack,12582912 conftest.c  >&5
configure:2702: $? = 0
configure:2739: result: a.exe
configure:2755: checking whether the C compiler works
configure:2783: result: yes
configure:2790: checking whether we are cross compiling
configure:2792: result: yes
configure:2795: checking for suffix of executables
configure:2802: gcc -o conftest.exe -g -O2 -D__USE_MINGW_ACCESS  -static-libstdc++ -static-libgcc -static -Wl,--stack,12582912 conftest.c  >&5
configure:2806: $? = 0
configure:2828: result: .exe
configure:2834: checking for suffix of object files
configure:2856: gcc -c -g -O2 -D__USE_MINGW_ACCESS  conftest.c >&5
configure:2860: $? = 0
configure:2881: result: o
configure:2885: checking whether we are using the GNU C compiler
configure:2904: gcc -c -g -O2 -D__USE_MINGW_ACCESS  conftest.c >&5
configure:2904: $? = 0
configure:2913: result: yes
configure:2922: checking whether gcc accepts -g
configure:2942: gcc -c -g  conftest.c >&5
configure:2942: $? = 0
configure:2983: result: yes
configure:3000: checking for gcc option to accept ISO C89
configure:3064: gcc  -c -g -O2 -D__USE_MINGW_ACCESS  conftest.c >&5
configure:3064: $? = 0
configure:3077: result: none needed
configure:3098: checking for library containing strerror
configure:3129: gcc -o conftest.exe -g -O2 -D__USE_MINGW_ACCESS  -static-libstdc++ -static-libgcc -static -Wl,--stack,12582912 conftest.c  >&5
configure:3129: $? = 0
configure:3146: result: none required
configure:3171: checking for a BSD-compatible install
configure:3239: result: /usr/bin/install -c
configure:3250: checking whether build environment is sane
configure:3300: result: yes
configure:3349: checking for x86_64-w64-mingw32-strip
configure:3379: result: no
configure:3389: checking for strip
configure:3405: found /mingw32/bin/strip
configure:3416: result: strip
configure:3428: WARNING: using cross tools not prefixed with host triplet
configure:3441: checking for a thread-safe mkdir -p
configure:3480: result: /usr/bin/mkdir -p
configure:3493: checking for gawk
configure:3520: result: gawk
configure:3531: checking whether make sets $(MAKE)
configure:3553: result: yes
configure:3583: checking for style of include used by make
configure:3611: result: GNU
configure:3697: checking dependency style of gcc
configure:3808: result: gcc3
configure:3836: checking for x86_64-w64-mingw32-gcc
configure:3863: result: gcc
configure:4132: checking for C compiler version
configure:4141: gcc --version >&5
gcc.exe (Rev6, Built by MSYS2 project) 10.2.0
Copyright (C) 2020 Free Software Foundation, Inc.
This is free software; see the source for copying conditions.  There is NO
warranty; not even for MERCHANTABILITY or FITNESS FOR A PARTICULAR PURPOSE.

configure:4152: $? = 0
configure:4141: gcc -v >&5
Using built-in specs.
COLLECT_GCC=C:\msys64\mingw32\bin\gcc.exe
COLLECT_LTO_WRAPPER=C:/msys64/mingw32/bin/../lib/gcc/i686-w64-mingw32/10.2.0/lto-wrapper.exe
Target: i686-w64-mingw32
Configured with: ../gcc-10.2.0/configure --prefix=/mingw32 --with-local-prefix=/mingw32/local --build=i686-w64-mingw32 --host=i686-w64-mingw32 --target=i686-w64-mingw32 --with-native-system-header-dir=/mingw32/i686-w64-mingw32/include --libexecdir=/mingw32/lib --enable-bootstrap --with-arch=i686 --with-tune=generic --enable-languages=c,lto,c++,fortran,ada,objc,obj-c++,jit --enable-shared --enable-static --enable-libatomic --enable-threads=posix --enable-graphite --enable-fully-dynamic-string --enable-libstdcxx-filesystem-ts=yes --enable-libstdcxx-time=yes --disable-libstdcxx-pch --disable-libstdcxx-debug --disable-isl-version-check --enable-lto --enable-libgomp --disable-multilib --enable-checking=release --disable-rpath --disable-win32-registry --disable-nls --disable-werror --disable-symvers --disable-plugin --with-libiconv --with-system-zlib --with-gmp=/mingw32 --with-mpfr=/mingw32 --with-mpc=/mingw32 --with-isl=/mingw32 --with-pkgversion='Rev6, Built by MSYS2 project' --with-bugurl=https://github.com/msys2/MINGW-packages/issues --with-gnu-as --with-gnu-ld --with-boot-ldflags='-pipe -Wl,--dynamicbase,--nxcompat,--no-seh -Wl,--large-address-aware -Wl,--disable-dynamicbase -static-libstdc++ -static-libgcc' 'LDFLAGS_FOR_TARGET=-pipe -Wl,--dynamicbase,--nxcompat,--no-seh -Wl,--large-address-aware' --enable-linker-plugin-flags='LDFLAGS=-static-libstdc++\ -static-libgcc\ -pipe\ -Wl,--dynamicbase,--nxcompat,--no-seh\ -Wl,--large-address-aware\ -Wl,--stack,12582912' --disable-sjlj-exceptions --with-dwarf2
Thread model: posix
Supported LTO compression algorithms: zlib zstd
gcc version 10.2.0 (Rev6, Built by MSYS2 project) 
configure:4152: $? = 0
configure:4141: gcc -V >&5
gcc.exe: error: unrecognized command-line option '-V'
gcc.exe: fatal error: no input files
compilation terminated.
configure:4152: $? = 1
configure:4141: gcc -qversion >&5
gcc.exe: error: unrecognized command-line option '-qversion'; did you mean '--version'?
gcc.exe: fatal error: no input files
compilation terminated.
configure:4152: $? = 1
configure:4156: checking whether we are using the GNU C compiler
configure:4184: result: yes
configure:4193: checking whether gcc accepts -g
configure:4254: result: yes
configure:4271: checking for gcc option to accept ISO C89
configure:4348: result: none needed
configure:4373: checking how to run the C preprocessor
configure:4404: gcc -E  conftest.c
configure:4404: $? = 0
configure:4418: gcc -E  conftest.c
conftest.c:11:10: fatal error: ac_nonexistent.h: No such file or directory
   11 | #include <ac_nonexistent.h>
      |          ^~~~~~~~~~~~~~~~~~
compilation terminated.
configure:4418: $? = 1
configure: failed program was:
| /* confdefs.h */
| #define PACKAGE_NAME "gprof"
| #define PACKAGE_TARNAME "gprof"
| #define PACKAGE_VERSION "2.30"
| #define PACKAGE_STRING "gprof 2.30"
| #define PACKAGE_BUGREPORT ""
| #define PACKAGE_URL ""
| #define PACKAGE "gprof"
| #define VERSION "2.30"
| /* end confdefs.h.  */
| #include <ac_nonexistent.h>
configure:4443: result: gcc -E
configure:4463: gcc -E  conftest.c
configure:4463: $? = 0
configure:4477: gcc -E  conftest.c
conftest.c:11:10: fatal error: ac_nonexistent.h: No such file or directory
   11 | #include <ac_nonexistent.h>
      |          ^~~~~~~~~~~~~~~~~~
compilation terminated.
configure:4477: $? = 1
configure: failed program was:
| /* confdefs.h */
| #define PACKAGE_NAME "gprof"
| #define PACKAGE_TARNAME "gprof"
| #define PACKAGE_VERSION "2.30"
| #define PACKAGE_STRING "gprof 2.30"
| #define PACKAGE_BUGREPORT ""
| #define PACKAGE_URL ""
| #define PACKAGE "gprof"
| #define VERSION "2.30"
| /* end confdefs.h.  */
| #include <ac_nonexistent.h>
configure:4506: checking for grep that handles long lines and -e
configure:4564: result: /usr/bin/grep
configure:4569: checking for egrep
configure:4631: result: /usr/bin/grep -E
configure:4636: checking for ANSI C header files
configure:4656: gcc -c -g -O2 -D__USE_MINGW_ACCESS  conftest.c >&5
configure:4656: $? = 0
configure:4740: result: yes
configure:4753: checking for sys/types.h
configure:4753: gcc -c -g -O2 -D__USE_MINGW_ACCESS  conftest.c >&5
configure:4753: $? = 0
configure:4753: result: yes
configure:4753: checking for sys/stat.h
configure:4753: gcc -c -g -O2 -D__USE_MINGW_ACCESS  conftest.c >&5
configure:4753: $? = 0
configure:4753: result: yes
configure:4753: checking for stdlib.h
configure:4753: gcc -c -g -O2 -D__USE_MINGW_ACCESS  conftest.c >&5
configure:4753: $? = 0
configure:4753: result: yes
configure:4753: checking for string.h
configure:4753: gcc -c -g -O2 -D__USE_MINGW_ACCESS  conftest.c >&5
configure:4753: $? = 0
configure:4753: result: yes
configure:4753: checking for memory.h
configure:4753: gcc -c -g -O2 -D__USE_MINGW_ACCESS  conftest.c >&5
configure:4753: $? = 0
configure:4753: result: yes
configure:4753: checking for strings.h
configure:4753: gcc -c -g -O2 -D__USE_MINGW_ACCESS  conftest.c >&5
configure:4753: $? = 0
configure:4753: result: yes
configure:4753: checking for inttypes.h
configure:4753: gcc -c -g -O2 -D__USE_MINGW_ACCESS  conftest.c >&5
configure:4753: $? = 0
configure:4753: result: yes
configure:4753: checking for stdint.h
configure:4753: gcc -c -g -O2 -D__USE_MINGW_ACCESS  conftest.c >&5
configure:4753: $? = 0
configure:4753: result: yes
configure:4753: checking for unistd.h
configure:4753: gcc -c -g -O2 -D__USE_MINGW_ACCESS  conftest.c >&5
configure:4753: $? = 0
configure:4753: result: yes
configure:4767: checking minix/config.h usability
configure:4767: gcc -c -g -O2 -D__USE_MINGW_ACCESS  conftest.c >&5
conftest.c:54:10: fatal error: minix/config.h: No such file or directory
   54 | #include <minix/config.h>
      |          ^~~~~~~~~~~~~~~~
compilation terminated.
configure:4767: $? = 1
configure: failed program was:
| /* confdefs.h */
| #define PACKAGE_NAME "gprof"
| #define PACKAGE_TARNAME "gprof"
| #define PACKAGE_VERSION "2.30"
| #define PACKAGE_STRING "gprof 2.30"
| #define PACKAGE_BUGREPORT ""
| #define PACKAGE_URL ""
| #define PACKAGE "gprof"
| #define VERSION "2.30"
| #define STDC_HEADERS 1
| #define HAVE_SYS_TYPES_H 1
| #define HAVE_SYS_STAT_H 1
| #define HAVE_STDLIB_H 1
| #define HAVE_STRING_H 1
| #define HAVE_MEMORY_H 1
| #define HAVE_STRINGS_H 1
| #define HAVE_INTTYPES_H 1
| #define HAVE_STDINT_H 1
| #define HAVE_UNISTD_H 1
| /* end confdefs.h.  */
| #include <stdio.h>
| #ifdef HAVE_SYS_TYPES_H
| # include <sys/types.h>
| #endif
| #ifdef HAVE_SYS_STAT_H
| # include <sys/stat.h>
| #endif
| #ifdef STDC_HEADERS
| # include <stdlib.h>
| # include <stddef.h>
| #else
| # ifdef HAVE_STDLIB_H
| #  include <stdlib.h>
| # endif
| #endif
| #ifdef HAVE_STRING_H
| # if !defined STDC_HEADERS && defined HAVE_MEMORY_H
| #  include <memory.h>
| # endif
| # include <string.h>
| #endif
| #ifdef HAVE_STRINGS_H
| # include <strings.h>
| #endif
| #ifdef HAVE_INTTYPES_H
| # include <inttypes.h>
| #endif
| #ifdef HAVE_STDINT_H
| # include <stdint.h>
| #endif
| #ifdef HAVE_UNISTD_H
| # include <unistd.h>
| #endif
| #include <minix/config.h>
configure:4767: result: no
configure:4767: checking minix/config.h presence
configure:4767: gcc -E  conftest.c
conftest.c:21:10: fatal error: minix/config.h: No such file or directory
   21 | #include <minix/config.h>
      |          ^~~~~~~~~~~~~~~~
compilation terminated.
configure:4767: $? = 1
configure: failed program was:
| /* confdefs.h */
| #define PACKAGE_NAME "gprof"
| #define PACKAGE_TARNAME "gprof"
| #define PACKAGE_VERSION "2.30"
| #define PACKAGE_STRING "gprof 2.30"
| #define PACKAGE_BUGREPORT ""
| #define PACKAGE_URL ""
| #define PACKAGE "gprof"
| #define VERSION "2.30"
| #define STDC_HEADERS 1
| #define HAVE_SYS_TYPES_H 1
| #define HAVE_SYS_STAT_H 1
| #define HAVE_STDLIB_H 1
| #define HAVE_STRING_H 1
| #define HAVE_MEMORY_H 1
| #define HAVE_STRINGS_H 1
| #define HAVE_INTTYPES_H 1
| #define HAVE_STDINT_H 1
| #define HAVE_UNISTD_H 1
| /* end confdefs.h.  */
| #include <minix/config.h>
configure:4767: result: no
configure:4767: checking for minix/config.h
configure:4767: result: no
configure:4788: checking whether it is safe to define __EXTENSIONS__
configure:4806: gcc -c -g -O2 -D__USE_MINGW_ACCESS  conftest.c >&5
configure:4806: $? = 0
configure:4813: result: yes
configure:4877: checking how to print strings
configure:4904: result: printf
configure:4925: checking for a sed that does not truncate output
configure:4989: result: /usr/bin/sed
configure:5007: checking for fgrep
configure:5069: result: /usr/bin/grep -F
configure:5104: checking for ld used by gcc
configure:5171: result: C:/msys64/mingw32/bin/../lib/gcc/i686-w64-mingw32/10.2.0/../../../../i686-w64-mingw32/bin/ld.exe
configure:5178: checking if the linker (C:/msys64/mingw32/bin/../lib/gcc/i686-w64-mingw32/10.2.0/../../../../i686-w64-mingw32/bin/ld.exe) is GNU ld
configure:5193: result: yes
configure:5205: checking for BSD- or MS-compatible name lister (nm)
configure:5254: result: x86_64-w64-mingw32-nm
configure:5384: checking the name lister (x86_64-w64-mingw32-nm) interface
configure:5391: gcc -c -g -O2 -D__USE_MINGW_ACCESS  conftest.c >&5
configure:5394: x86_64-w64-mingw32-nm "conftest.o"
/home/CCLI0/stm8-binutils-gdb-sources/gdb_w64_2/binutils-2.30/gprof/configure: line 5395: x86_64-w64-mingw32-nm: command not found
configure:5397: output
configure:5404: result: BSD nm
configure:5407: checking whether ln -s works
configure:5414: result: no, using cp -p
configure:5419: checking the maximum length of command line arguments
configure:5544: result: 8192
configure:5561: checking whether the shell understands some XSI constructs
configure:5571: result: yes
configure:5575: checking whether the shell understands "+="
configure:5581: result: yes
configure:5616: checking for C:/msys64/mingw32/bin/../lib/gcc/i686-w64-mingw32/10.2.0/../../../../i686-w64-mingw32/bin/ld.exe option to reload object files
configure:5623: result: -r
configure:5652: checking for x86_64-w64-mingw32-objdump
configure:5679: result: x86_64-w64-mingw32-objdump
configure:5751: checking how to recognize dependent libraries
configure:5952: result: file_magic ^x86 archive import|^x86 DLL
configure:5972: checking for x86_64-w64-mingw32-ar
configure:5999: result: x86_64-w64-mingw32-ar
configure:6077: checking for x86_64-w64-mingw32-strip
configure:6104: result: strip
configure:6176: checking for x86_64-w64-mingw32-ranlib
configure:6203: result: true
configure:6345: checking command to parse x86_64-w64-mingw32-nm output from gcc object
configure:6463: gcc -c -g -O2 -D__USE_MINGW_ACCESS  conftest.c >&5
configure:6466: $? = 0
configure:6470: x86_64-w64-mingw32-nm conftest.o \| sed -n -e 's/^.*[ ]\([ABCDGISTW][ABCDGISTW]*\)[ ][ ]*\([_A-Za-z][_A-Za-z0-9]*\)\{0,1\}$/\1 \2 \2/p' \> conftest.nm
/home/CCLI0/stm8-binutils-gdb-sources/gdb_w64_2/binutils-2.30/gprof/configure: line 6471: x86_64-w64-mingw32-nm: command not found
configure:6473: $? = 0
cannot run sed -n -e 's/^.*[	 ]\([ABCDGISTW][ABCDGISTW]*\)[	 ][	 ]*\([_A-Za-z][_A-Za-z0-9]*\)\{0,1\}$/\1 \2 \2/p'
configure:6463: gcc -c -g -O2 -D__USE_MINGW_ACCESS  conftest.c >&5
configure:6466: $? = 0
configure:6470: x86_64-w64-mingw32-nm conftest.o \| sed -n -e 's/^.*[ ]\([ABCDGISTW][ABCDGISTW]*\)[ ][ ]*_\([_A-Za-z][_A-Za-z0-9]*\)\{0,1\}$/\1 _\2 \2/p' \> conftest.nm
/home/CCLI0/stm8-binutils-gdb-sources/gdb_w64_2/binutils-2.30/gprof/configure: line 6471: x86_64-w64-mingw32-nm: command not found
configure:6473: $? = 0
cannot run sed -n -e 's/^.*[	 ]\([ABCDGISTW][ABCDGISTW]*\)[	 ][	 ]*_\([_A-Za-z][_A-Za-z0-9]*\)\{0,1\}$/\1 _\2 \2/p'
configure:6565: result: failed
configure:7416: checking for dlfcn.h
configure:7416: gcc -c -g -O2 -D__USE_MINGW_ACCESS  conftest.c >&5
conftest.c:60:10: fatal error: dlfcn.h: No such file or directory
   60 | #include <dlfcn.h>
      |          ^~~~~~~~~
compilation terminated.
configure:7416: $? = 1
configure: failed program was:
| /* confdefs.h */
| #define PACKAGE_NAME "gprof"
| #define PACKAGE_TARNAME "gprof"
| #define PACKAGE_VERSION "2.30"
| #define PACKAGE_STRING "gprof 2.30"
| #define PACKAGE_BUGREPORT ""
| #define PACKAGE_URL ""
| #define PACKAGE "gprof"
| #define VERSION "2.30"
| #define STDC_HEADERS 1
| #define HAVE_SYS_TYPES_H 1
| #define HAVE_SYS_STAT_H 1
| #define HAVE_STDLIB_H 1
| #define HAVE_STRING_H 1
| #define HAVE_MEMORY_H 1
| #define HAVE_STRINGS_H 1
| #define HAVE_INTTYPES_H 1
| #define HAVE_STDINT_H 1
| #define HAVE_UNISTD_H 1
| #define __EXTENSIONS__ 1
| #define _ALL_SOURCE 1
| #define _GNU_SOURCE 1
| #define _POSIX_PTHREAD_SEMANTICS 1
| #define _TANDEM_SOURCE 1
| /* end confdefs.h.  */
| #include <stdio.h>
| #ifdef HAVE_SYS_TYPES_H
| # include <sys/types.h>
| #endif
| #ifdef HAVE_SYS_STAT_H
| # include <sys/stat.h>
| #endif
| #ifdef STDC_HEADERS
| # include <stdlib.h>
| # include <stddef.h>
| #else
| # ifdef HAVE_STDLIB_H
| #  include <stdlib.h>
| # endif
| #endif
| #ifdef HAVE_STRING_H
| # if !defined STDC_HEADERS && defined HAVE_MEMORY_H
| #  include <memory.h>
| # endif
| # include <string.h>
| #endif
| #ifdef HAVE_STRINGS_H
| # include <strings.h>
| #endif
| #ifdef HAVE_INTTYPES_H
| # include <inttypes.h>
| #endif
| #ifdef HAVE_STDINT_H
| # include <stdint.h>
| #endif
| #ifdef HAVE_UNISTD_H
| # include <unistd.h>
| #endif
| 
| #include <dlfcn.h>
configure:7416: result: no
configure:7603: checking for objdir
configure:7618: result: .libs
configure:7889: checking if gcc supports -fno-rtti -fno-exceptions
configure:7907: gcc -c -g -O2 -D__USE_MINGW_ACCESS  -fno-rtti -fno-exceptions conftest.c >&5
cc1.exe: warning: command-line option '-fno-rtti' is valid for C++/D/ObjC++ but not for C
configure:7911: $? = 0
configure:7924: result: no
configure:7944: checking for gcc option to produce PIC
configure:8230: result: -DDLL_EXPORT -DPIC
configure:8242: checking if gcc PIC flag -DDLL_EXPORT -DPIC works
configure:8260: gcc -c -g -O2 -D__USE_MINGW_ACCESS  -DDLL_EXPORT -DPIC -DPIC conftest.c >&5
configure:8264: $? = 0
configure:8277: result: yes
configure:8301: checking if gcc static flag -static works
configure:8329: result: yes
configure:8344: checking if gcc supports -c -o file.o
configure:8365: gcc -c -g -O2 -D__USE_MINGW_ACCESS  -o out/conftest2.o conftest.c >&5
configure:8369: $? = 0
configure:8391: result: yes
configure:8399: checking if gcc supports -c -o file.o
configure:8446: result: yes
configure:8479: checking whether the gcc linker (C:/msys64/mingw32/bin/../lib/gcc/i686-w64-mingw32/10.2.0/../../../../i686-w64-mingw32/bin/ld.exe) supports shared libraries
configure:9550: result: yes
configure:9587: checking whether -lc should be explicitly linked in
configure:9595: gcc -c -g -O2 -D__USE_MINGW_ACCESS  conftest.c >&5
configure:9598: $? = 0
configure:9613: gcc -shared conftest.o  -v -o ./conftest -Wl,--enable-auto-image-base -Xlinker --out-implib -Xlinker conftest 2\>\&1 \| /usr/bin/grep  -lc  \>/dev/null 2\>\&1
configure:9616: $? = 1
configure:9630: result: yes
configure:9795: checking dynamic linker characteristics
configure:10468: result: Win32 ld.exe
configure:10575: checking how to hardcode library paths into programs
configure:10600: result: immediate
configure:11140: checking whether stripping libraries is possible
configure:11145: result: yes
configure:11180: checking if libtool supports shared libraries
configure:11182: result: yes
configure:11185: checking whether to build shared libraries
configure:11206: result: yes
configure:11209: checking whether to build static libraries
configure:11213: result: yes
configure:11261: checking for dlfcn.h
configure:11261: result: no
configure:11274: checking for windows.h
configure:11274: gcc -c -g -O2 -D__USE_MINGW_ACCESS  conftest.c >&5
configure:11274: $? = 0
configure:11274: result: yes
configure:11301: checking for library containing dlopen
configure:11332: gcc -o conftest.exe -g -O2 -D__USE_MINGW_ACCESS  -static-libstdc++ -static-libgcc -static -Wl,--stack,12582912 conftest.c  >&5
C:/msys64/mingw32/bin/../lib/gcc/i686-w64-mingw32/10.2.0/../../../../i686-w64-mingw32/bin/ld.exe: C:\msys64\tmp\ccwZwrDY.o: in function `main':
C:\msys64\home\CCLI0\stm8-binutils-gdb-sources\gdb_w64_2\mingw64_binutils\gprof/conftest.c:39: undefined reference to `dlopen'
collect2.exe: error: ld returned 1 exit status
configure:11332: $? = 1
configure: failed program was:
| /* confdefs.h */
| #define PACKAGE_NAME "gprof"
| #define PACKAGE_TARNAME "gprof"
| #define PACKAGE_VERSION "2.30"
| #define PACKAGE_STRING "gprof 2.30"
| #define PACKAGE_BUGREPORT ""
| #define PACKAGE_URL ""
| #define PACKAGE "gprof"
| #define VERSION "2.30"
| #define STDC_HEADERS 1
| #define HAVE_SYS_TYPES_H 1
| #define HAVE_SYS_STAT_H 1
| #define HAVE_STDLIB_H 1
| #define HAVE_STRING_H 1
| #define HAVE_MEMORY_H 1
| #define HAVE_STRINGS_H 1
| #define HAVE_INTTYPES_H 1
| #define HAVE_STDINT_H 1
| #define HAVE_UNISTD_H 1
| #define __EXTENSIONS__ 1
| #define _ALL_SOURCE 1
| #define _GNU_SOURCE 1
| #define _POSIX_PTHREAD_SEMANTICS 1
| #define _TANDEM_SOURCE 1
| #define LT_OBJDIR ".libs/"
| #define HAVE_WINDOWS_H 1
| /* end confdefs.h.  */
| 
| /* Override any GCC internal prototype to avoid an error.
|    Use char because int might match the return type of a GCC
|    builtin and then its argument prototype would still apply.  */
| #ifdef __cplusplus
| extern "C"
| #endif
| char dlopen ();
| int
| main ()
| {
| return dlopen ();
|   ;
|   return 0;
| }
configure:11332: gcc -o conftest.exe -g -O2 -D__USE_MINGW_ACCESS  -static-libstdc++ -static-libgcc -static -Wl,--stack,12582912 conftest.c -ldl   >&5
C:/msys64/mingw32/bin/../lib/gcc/i686-w64-mingw32/10.2.0/../../../../i686-w64-mingw32/bin/ld.exe: cannot find -ldl
collect2.exe: error: ld returned 1 exit status
configure:11332: $? = 1
configure: failed program was:
| /* confdefs.h */
| #define PACKAGE_NAME "gprof"
| #define PACKAGE_TARNAME "gprof"
| #define PACKAGE_VERSION "2.30"
| #define PACKAGE_STRING "gprof 2.30"
| #define PACKAGE_BUGREPORT ""
| #define PACKAGE_URL ""
| #define PACKAGE "gprof"
| #define VERSION "2.30"
| #define STDC_HEADERS 1
| #define HAVE_SYS_TYPES_H 1
| #define HAVE_SYS_STAT_H 1
| #define HAVE_STDLIB_H 1
| #define HAVE_STRING_H 1
| #define HAVE_MEMORY_H 1
| #define HAVE_STRINGS_H 1
| #define HAVE_INTTYPES_H 1
| #define HAVE_STDINT_H 1
| #define HAVE_UNISTD_H 1
| #define __EXTENSIONS__ 1
| #define _ALL_SOURCE 1
| #define _GNU_SOURCE 1
| #define _POSIX_PTHREAD_SEMANTICS 1
| #define _TANDEM_SOURCE 1
| #define LT_OBJDIR ".libs/"
| #define HAVE_WINDOWS_H 1
| /* end confdefs.h.  */
| 
| /* Override any GCC internal prototype to avoid an error.
|    Use char because int might match the return type of a GCC
|    builtin and then its argument prototype would still apply.  */
| #ifdef __cplusplus
| extern "C"
| #endif
| char dlopen ();
| int
| main ()
| {
| return dlopen ();
|   ;
|   return 0;
| }
configure:11349: result: no
configure:11380: checking for special C compiler options needed for large files
configure:11425: result: no
configure:11431: checking for _FILE_OFFSET_BITS value needed for large files
configure:11456: gcc -c -g -O2 -D__USE_MINGW_ACCESS  conftest.c >&5
conftest.c:33:33: warning: left shift count >= width of type [-Wshift-count-overflow]
   33 | #define LARGE_OFF_T (((off_t) 1 << 62) - 1 + ((off_t) 1 << 62))
      |                                 ^~
conftest.c:34:23: note: in expansion of macro 'LARGE_OFF_T'
   34 |   int off_t_is_large[(LARGE_OFF_T % 2147483629 == 721
      |                       ^~~~~~~~~~~
conftest.c:33:57: warning: left shift count >= width of type [-Wshift-count-overflow]
   33 | #define LARGE_OFF_T (((off_t) 1 << 62) - 1 + ((off_t) 1 << 62))
      |                                                         ^~
conftest.c:34:23: note: in expansion of macro 'LARGE_OFF_T'
   34 |   int off_t_is_large[(LARGE_OFF_T % 2147483629 == 721
      |                       ^~~~~~~~~~~
conftest.c:33:33: warning: left shift count >= width of type [-Wshift-count-overflow]
   33 | #define LARGE_OFF_T (((off_t) 1 << 62) - 1 + ((off_t) 1 << 62))
      |                                 ^~
conftest.c:35:13: note: in expansion of macro 'LARGE_OFF_T'
   35 |          && LARGE_OFF_T % 2147483647 == 1)
      |             ^~~~~~~~~~~
conftest.c:33:57: warning: left shift count >= width of type [-Wshift-count-overflow]
   33 | #define LARGE_OFF_T (((off_t) 1 << 62) - 1 + ((off_t) 1 << 62))
      |                                                         ^~
conftest.c:35:13: note: in expansion of macro 'LARGE_OFF_T'
   35 |          && LARGE_OFF_T % 2147483647 == 1)
      |             ^~~~~~~~~~~
conftest.c:34:7: error: variably modified 'off_t_is_large' at file scope
   34 |   int off_t_is_large[(LARGE_OFF_T % 2147483629 == 721
      |       ^~~~~~~~~~~~~~
configure:11456: $? = 1
configure: failed program was:
| /* confdefs.h */
| #define PACKAGE_NAME "gprof"
| #define PACKAGE_TARNAME "gprof"
| #define PACKAGE_VERSION "2.30"
| #define PACKAGE_STRING "gprof 2.30"
| #define PACKAGE_BUGREPORT ""
| #define PACKAGE_URL ""
| #define PACKAGE "gprof"
| #define VERSION "2.30"
| #define STDC_HEADERS 1
| #define HAVE_SYS_TYPES_H 1
| #define HAVE_SYS_STAT_H 1
| #define HAVE_STDLIB_H 1
| #define HAVE_STRING_H 1
| #define HAVE_MEMORY_H 1
| #define HAVE_STRINGS_H 1
| #define HAVE_INTTYPES_H 1
| #define HAVE_STDINT_H 1
| #define HAVE_UNISTD_H 1
| #define __EXTENSIONS__ 1
| #define _ALL_SOURCE 1
| #define _GNU_SOURCE 1
| #define _POSIX_PTHREAD_SEMANTICS 1
| #define _TANDEM_SOURCE 1
| #define LT_OBJDIR ".libs/"
| #define HAVE_WINDOWS_H 1
| /* end confdefs.h.  */
| #include <sys/types.h>
|  /* Check that off_t can represent 2**63 - 1 correctly.
|     We can't simply define LARGE_OFF_T to be 9223372036854775807,
|     since some C++ compilers masquerading as C compilers
|     incorrectly reject 9223372036854775807.  */
| #define LARGE_OFF_T (((off_t) 1 << 62) - 1 + ((off_t) 1 << 62))
|   int off_t_is_large[(LARGE_OFF_T % 2147483629 == 721
| 		       && LARGE_OFF_T % 2147483647 == 1)
| 		      ? 1 : -1];
| int
| main ()
| {
| 
|   ;
|   return 0;
| }
configure:11480: gcc -c -g -O2 -D__USE_MINGW_ACCESS  conftest.c >&5
configure:11480: $? = 0
configure:11488: result: 64
configure:11575: checking for setmode
configure:11575: gcc -o conftest.exe -g -O2 -D__USE_MINGW_ACCESS  -static-libstdc++ -static-libgcc -static -Wl,--stack,12582912 conftest.c  >&5
configure:11575: $? = 0
configure:11575: result: yes
configure:11599: checking whether NLS is requested
configure:11605: result: yes
configure:11611: checking for catalogs to be installed
configure:11643: result:  bg da de eo es fi fr ga hu id it ja ms nl pt_BR ro ru rw sr sv tr uk vi bg da de eo es fi fr ga hu id it ja ms nl pt_BR ro ru rw sr sv tr uk vi
configure:11670: checking whether NLS is requested
configure:11679: result: yes
configure:11717: checking for msgfmt
configure:11748: result: /mingw32/bin/msgfmt
configure:11757: checking for gmsgfmt
configure:11788: result: /mingw32/bin/msgfmt
configure:11828: checking for xgettext
configure:11859: result: /mingw32/bin/xgettext
configure:11899: checking for msgmerge
configure:11929: result: /mingw32/bin/msgmerge
configure:11966: checking whether to enable maintainer-specific portions of Makefiles
configure:11975: result: no
configure:12000: checking sys/gmon_out.h usability
configure:12000: gcc -c -g -O2 -D__USE_MINGW_ACCESS  conftest.c >&5
conftest.c:64:10: fatal error: sys/gmon_out.h: No such file or directory
   64 | #include <sys/gmon_out.h>
      |          ^~~~~~~~~~~~~~~~
compilation terminated.
configure:12000: $? = 1
configure: failed program was:
| /* confdefs.h */
| #define PACKAGE_NAME "gprof"
| #define PACKAGE_TARNAME "gprof"
| #define PACKAGE_VERSION "2.30"
| #define PACKAGE_STRING "gprof 2.30"
| #define PACKAGE_BUGREPORT ""
| #define PACKAGE_URL ""
| #define PACKAGE "gprof"
| #define VERSION "2.30"
| #define STDC_HEADERS 1
| #define HAVE_SYS_TYPES_H 1
| #define HAVE_SYS_STAT_H 1
| #define HAVE_STDLIB_H 1
| #define HAVE_STRING_H 1
| #define HAVE_MEMORY_H 1
| #define HAVE_STRINGS_H 1
| #define HAVE_INTTYPES_H 1
| #define HAVE_STDINT_H 1
| #define HAVE_UNISTD_H 1
| #define __EXTENSIONS__ 1
| #define _ALL_SOURCE 1
| #define _GNU_SOURCE 1
| #define _POSIX_PTHREAD_SEMANTICS 1
| #define _TANDEM_SOURCE 1
| #define LT_OBJDIR ".libs/"
| #define HAVE_WINDOWS_H 1
| #define _FILE_OFFSET_BITS 64
| #define HAVE_SETMODE 1
| #define ENABLE_NLS 1
| /* end confdefs.h.  */
| #include <stdio.h>
| #ifdef HAVE_SYS_TYPES_H
| # include <sys/types.h>
| #endif
| #ifdef HAVE_SYS_STAT_H
| # include <sys/stat.h>
| #endif
| #ifdef STDC_HEADERS
| # include <stdlib.h>
| # include <stddef.h>
| #else
| # ifdef HAVE_STDLIB_H
| #  include <stdlib.h>
| # endif
| #endif
| #ifdef HAVE_STRING_H
| # if !defined STDC_HEADERS && defined HAVE_MEMORY_H
| #  include <memory.h>
| # endif
| # include <string.h>
| #endif
| #ifdef HAVE_STRINGS_H
| # include <strings.h>
| #endif
| #ifdef HAVE_INTTYPES_H
| # include <inttypes.h>
| #endif
| #ifdef HAVE_STDINT_H
| # include <stdint.h>
| #endif
| #ifdef HAVE_UNISTD_H
| # include <unistd.h>
| #endif
| #include <sys/gmon_out.h>
configure:12000: result: no
configure:12000: checking sys/gmon_out.h presence
configure:12000: gcc -E  conftest.c
conftest.c:31:10: fatal error: sys/gmon_out.h: No such file or directory
   31 | #include <sys/gmon_out.h>
      |          ^~~~~~~~~~~~~~~~
compilation terminated.
configure:12000: $? = 1
configure: failed program was:
| /* confdefs.h */
| #define PACKAGE_NAME "gprof"
| #define PACKAGE_TARNAME "gprof"
| #define PACKAGE_VERSION "2.30"
| #define PACKAGE_STRING "gprof 2.30"
| #define PACKAGE_BUGREPORT ""
| #define PACKAGE_URL ""
| #define PACKAGE "gprof"
| #define VERSION "2.30"
| #define STDC_HEADERS 1
| #define HAVE_SYS_TYPES_H 1
| #define HAVE_SYS_STAT_H 1
| #define HAVE_STDLIB_H 1
| #define HAVE_STRING_H 1
| #define HAVE_MEMORY_H 1
| #define HAVE_STRINGS_H 1
| #define HAVE_INTTYPES_H 1
| #define HAVE_STDINT_H 1
| #define HAVE_UNISTD_H 1
| #define __EXTENSIONS__ 1
| #define _ALL_SOURCE 1
| #define _GNU_SOURCE 1
| #define _POSIX_PTHREAD_SEMANTICS 1
| #define _TANDEM_SOURCE 1
| #define LT_OBJDIR ".libs/"
| #define HAVE_WINDOWS_H 1
| #define _FILE_OFFSET_BITS 64
| #define HAVE_SETMODE 1
| #define ENABLE_NLS 1
| /* end confdefs.h.  */
| #include <sys/gmon_out.h>
configure:12000: result: no
configure:12000: checking for sys/gmon_out.h
configure:12000: result: no
configure:12011: checking for a known getopt prototype in unistd.h
configure:12027: gcc -c -g -O2 -D__USE_MINGW_ACCESS  conftest.c >&5
configure:12027: $? = 0
configure:12035: result: yes
configure:12044: checking for library containing fabs
configure:12075: gcc -o conftest.exe -g -O2 -D__USE_MINGW_ACCESS  -static-libstdc++ -static-libgcc -static -Wl,--stack,12582912 conftest.c  >&5
conftest.c:39:6: warning: conflicting types for built-in function 'fabs'; expected 'double(double)' [-Wbuiltin-declaration-mismatch]
   39 | char fabs ();
      |      ^~~~
conftest.c:1:1: note: 'fabs' is declared in header '<math.h>'
    1 | /* confdefs.h */
configure:12075: $? = 0
configure:12092: result: none required
configure:12318: updating cache ./config.cache
configure:12379: creating ./config.status

## ---------------------- ##
## Running config.status. ##
## ---------------------- ##

This file was extended by gprof config.status 2.30, which was
generated by GNU Autoconf 2.64.  Invocation command line was

  CONFIG_FILES    = 
  CONFIG_HEADERS  = 
  CONFIG_LINKS    = 
  CONFIG_COMMANDS = 
  $ ./config.status 

on OANBE02627

config.status:1123: creating Makefile
config.status:1123: creating po/Makefile.in
config.status:1123: creating gconfig.h
config.status:1336: executing depfiles commands
config.status:1336: executing libtool commands
config.status:1336: executing default-1 commands

## ---------------- ##
## Cache variables. ##
## ---------------- ##

ac_cv_build=i686-w64-mingw32
ac_cv_c_compiler_gnu=yes
ac_cv_env_CC_set=set
ac_cv_env_CC_value=gcc
ac_cv_env_CFLAGS_set=set
ac_cv_env_CFLAGS_value='-g -O2 -D__USE_MINGW_ACCESS'
ac_cv_env_CPPFLAGS_set=
ac_cv_env_CPPFLAGS_value=
ac_cv_env_CPP_set=
ac_cv_env_CPP_value=
ac_cv_env_LDFLAGS_set=set
ac_cv_env_LDFLAGS_value='-static-libstdc++ -static-libgcc -static -Wl,--stack,12582912'
ac_cv_env_LIBS_set=
ac_cv_env_LIBS_value=
ac_cv_env_build_alias_set=set
ac_cv_env_build_alias_value=i686-w64-mingw32
ac_cv_env_host_alias_set=set
ac_cv_env_host_alias_value=x86_64-w64-mingw32
ac_cv_env_target_alias_set=set
ac_cv_env_target_alias_value=stm8-none-elf32
ac_cv_exeext=.exe
ac_cv_func_setmode=yes
ac_cv_header_dlfcn_h=no
ac_cv_header_inttypes_h=yes
ac_cv_header_memory_h=yes
ac_cv_header_minix_config_h=no
ac_cv_header_stdc=yes
ac_cv_header_stdint_h=yes
ac_cv_header_stdlib_h=yes
ac_cv_header_string_h=yes
ac_cv_header_strings_h=yes
ac_cv_header_sys_gmon_out_h=no
ac_cv_header_sys_stat_h=yes
ac_cv_header_sys_types_h=yes
ac_cv_header_unistd_h=yes
ac_cv_header_windows_h=yes
ac_cv_host=x86_64-w64-mingw32
ac_cv_objext=o
ac_cv_path_EGREP='/usr/bin/grep -E'
ac_cv_path_FGREP='/usr/bin/grep -F'
ac_cv_path_GMSGFMT=/mingw32/bin/msgfmt
ac_cv_path_GREP=/usr/bin/grep
ac_cv_path_MSGFMT=/mingw32/bin/msgfmt
ac_cv_path_MSGMERGE=/mingw32/bin/msgmerge
ac_cv_path_SED=/usr/bin/sed
ac_cv_path_XGETTEXT=/mingw32/bin/xgettext
ac_cv_path_mkdir=/usr/bin/mkdir
ac_cv_prog_AR=x86_64-w64-mingw32-ar
ac_cv_prog_AWK=gawk
ac_cv_prog_CC=gcc
ac_cv_prog_CPP='gcc -E'
ac_cv_prog_OBJDUMP=x86_64-w64-mingw32-objdump
ac_cv_prog_RANLIB=true
ac_cv_prog_STRIP=strip
ac_cv_prog_ac_ct_STRIP=strip
ac_cv_prog_cc_c89=
ac_cv_prog_cc_g=yes
ac_cv_prog_make_make_set=yes
ac_cv_safe_to_define___extensions__=yes
ac_cv_search_dlopen=no
ac_cv_search_fabs='none required'
ac_cv_search_strerror='none required'
ac_cv_sys_file_offset_bits=64
ac_cv_sys_largefile_CC=no
ac_cv_target=stm8-none-elf32
am_cv_CC_dependencies_compiler_type=gcc3
gprof_cv_decl_getopt_unistd_h=yes
lt_cv_archive_cmds_need_lc=yes
lt_cv_deplibs_check_method='file_magic ^x86 archive import|^x86 DLL'
lt_cv_file_magic_cmd=func_win32_libid
lt_cv_file_magic_test_file=
lt_cv_ld_reload_flag=-r
lt_cv_nm_interface='BSD nm'
lt_cv_objdir=.libs
lt_cv_path_LD=C:/msys64/mingw32/bin/../lib/gcc/i686-w64-mingw32/10.2.0/../../../../i686-w64-mingw32/bin/ld.exe
lt_cv_path_NM=x86_64-w64-mingw32-nm
lt_cv_prog_compiler_c_o=yes
lt_cv_prog_compiler_pic_works=yes
lt_cv_prog_compiler_rtti_exceptions=no
lt_cv_prog_compiler_static_works=yes
lt_cv_prog_gnu_ld=yes
lt_cv_sys_global_symbol_pipe=
lt_cv_sys_global_symbol_to_c_name_address='sed -n -e '\''s/^: \([^ ]*\) $/  {\"\1\", (void *) 0},/p'\'' -e '\''s/^[ABCDGISTW]* \([^ ]*\) \([^ ]*\)$/  {"\2", (void *) \&\2},/p'\'''
lt_cv_sys_global_symbol_to_c_name_address_lib_prefix='sed -n -e '\''s/^: \([^ ]*\) $/  {\"\1\", (void *) 0},/p'\'' -e '\''s/^[ABCDGISTW]* \([^ ]*\) \(lib[^ ]*\)$/  {"\2", (void *) \&\2},/p'\'' -e '\''s/^[ABCDGISTW]* \([^ ]*\) \([^ ]*\)$/  {"lib\2", (void *) \&\2},/p'\'''
lt_cv_sys_global_symbol_to_cdecl=
lt_cv_sys_max_cmd_len=8192

## ----------------- ##
## Output variables. ##
## ----------------- ##

ACLOCAL='${SHELL} /home/CCLI0/stm8-binutils-gdb-sources/gdb_w64_2/binutils-2.30/missing --run aclocal-1.11'
AMDEPBACKSLASH='\'
AMDEP_FALSE='#'
AMDEP_TRUE=''
AMTAR='$${TAR-tar}'
AR='x86_64-w64-mingw32-ar'
AUTOCONF='${SHELL} /home/CCLI0/stm8-binutils-gdb-sources/gdb_w64_2/binutils-2.30/missing --run autoconf'
AUTOHEADER='${SHELL} /home/CCLI0/stm8-binutils-gdb-sources/gdb_w64_2/binutils-2.30/missing --run autoheader'
AUTOMAKE='${SHELL} /home/CCLI0/stm8-binutils-gdb-sources/gdb_w64_2/binutils-2.30/missing --run automake-1.11'
AWK='gawk'
CATALOGS=' bg.gmo da.gmo de.gmo eo.gmo es.gmo fi.gmo fr.gmo ga.gmo hu.gmo id.gmo it.gmo ja.gmo ms.gmo nl.gmo pt_BR.gmo ro.gmo ru.gmo rw.gmo sr.gmo sv.gmo tr.gmo uk.gmo vi.gmo bg.gmo da.gmo de.gmo eo.gmo es.gmo fi.gmo fr.gmo ga.gmo hu.gmo id.gmo it.gmo ja.gmo ms.gmo nl.gmo pt_BR.gmo ro.gmo ru.gmo rw.gmo sr.gmo sv.gmo tr.gmo uk.gmo vi.gmo'
CATOBJEXT='.gmo'
CC='gcc'
CCDEPMODE='depmode=gcc3'
CFLAGS='-g -O2 -D__USE_MINGW_ACCESS'
CPP='gcc -E'
CPPFLAGS=''
CYGPATH_W='cygpath -w'
DATADIRNAME='share'
DEFS='-DHAVE_CONFIG_H'
DEPDIR='.deps'
DSYMUTIL=''
DUMPBIN=''
ECHO_C=''
ECHO_N='-n'
ECHO_T=''
EGREP='/usr/bin/grep -E'
EXEEXT='.exe'
FGREP='/usr/bin/grep -F'
GENCAT='gencat'
GENINSRC_NEVER_FALSE=''
GENINSRC_NEVER_TRUE='#'
GMSGFMT='/mingw32/bin/msgfmt'
GREP='/usr/bin/grep'
INCINTL=''
INSTALL_DATA='/usr/bin/install -c -m 644'
INSTALL_PROGRAM='/usr/bin/install -c'
INSTALL_SCRIPT='/usr/bin/install -c'
INSTALL_STRIP_PROGRAM='$(install_sh) -c -s'
INSTOBJEXT='.mo'
LD='C:/msys64/mingw32/bin/../lib/gcc/i686-w64-mingw32/10.2.0/../../../../i686-w64-mingw32/bin/ld.exe'
LDFLAGS='-static-libstdc++ -static-libgcc -static -Wl,--stack,12582912'
LIBINTL='/mingw32/lib/libintl.a /mingw32/lib/libiconv.a'
LIBINTL_DEP=''
LIBOBJS=''
LIBS=''
LIBTOOL='$(SHELL) $(top_builddir)/libtool'
LIPO=''
LN_S='cp -p'
LTLIBOBJS=''
MAINT='#'
MAINTAINER_MODE_FALSE=''
MAINTAINER_MODE_TRUE='#'
MAKEINFO='makeinfo --split-size=5000000'
MKDIR_P='/usr/bin/mkdir -p'
MKINSTALLDIRS='$(top_builddir)/../../binutils-2.30/gprof/../mkinstalldirs'
MSGFMT='/mingw32/bin/msgfmt'
MSGMERGE='/mingw32/bin/msgmerge'
NM='x86_64-w64-mingw32-nm'
NMEDIT=''
NO_WERROR=''
OBJDUMP='x86_64-w64-mingw32-objdump'
OBJEXT='o'
OTOOL64=''
OTOOL=''
PACKAGE='gprof'
PACKAGE_BUGREPORT=''
PACKAGE_NAME='gprof'
PACKAGE_STRING='gprof 2.30'
PACKAGE_TARNAME='gprof'
PACKAGE_URL=''
PACKAGE_VERSION='2.30'
PATH_SEPARATOR=':'
POSUB='po'
RANLIB='true'
SED='/usr/bin/sed'
SET_MAKE=''
SHELL='/bin/sh'
STRIP='strip'
USE_NLS='yes'
VERSION='2.30'
WARN_CFLAGS='-W -Wall -Wstrict-prototypes -Wmissing-prototypes -Wshadow -Wstack-usage=262144 -Wno-format'
WARN_CFLAGS_FOR_BUILD='-W -Wall -Wstrict-prototypes -Wmissing-prototypes -Wshadow -Wstack-usage=262144 -Wno-format'
WARN_WRITE_STRINGS='-Wwrite-strings'
XGETTEXT='/mingw32/bin/xgettext'
ac_ct_CC=''
ac_ct_DUMPBIN=''
am__EXEEXT_FALSE='#'
am__EXEEXT_TRUE=''
am__fastdepCC_FALSE='#'
am__fastdepCC_TRUE=''
am__include='include'
am__isrc=' -I$(srcdir)'
am__leading_dot='.'
am__nodep='_no'
am__quote=''
am__tar='$${TAR-tar} chof - "$$tardir"'
am__untar='$${TAR-tar} xf -'
bindir='${exec_prefix}/bin'
build='i686-w64-mingw32'
build_alias='i686-w64-mingw32'
build_cpu='i686'
build_os='mingw32'
build_vendor='w64'
datadir='${datarootdir}'
datarootdir='${prefix}/share'
docdir='${datarootdir}/doc/${PACKAGE_TARNAME}'
dvidir='${docdir}'
exec_prefix='${prefix}'
host='x86_64-w64-mingw32'
host_alias='x86_64-w64-mingw32'
host_cpu='x86_64'
host_os='mingw32'
host_vendor='w64'
htmldir='${docdir}'
includedir='${prefix}/include'
infodir='${datarootdir}/info'
install_sh='${SHELL} /home/CCLI0/stm8-binutils-gdb-sources/gdb_w64_2/binutils-2.30/install-sh'
libdir='${exec_prefix}/lib'
libexecdir='${exec_prefix}/libexec'
localedir='${datarootdir}/locale'
localstatedir='${prefix}/var'
mandir='${datarootdir}/man'
mkdir_p='/usr/bin/mkdir -p'
oldincludedir='/usr/include'
pdfdir='${docdir}'
prefix='/mingw32'
program_transform_name='s&^&stm8-&'
psdir='${docdir}'
sbindir='${exec_prefix}/sbin'
sharedstatedir='${prefix}/com'
sysconfdir='${prefix}/etc'
target='stm8-none-elf32'
target_alias='stm8-none-elf32'
target_cpu='stm8'
target_os='elf32'
target_vendor='none'

## ----------- ##
## confdefs.h. ##
## ----------- ##

/* confdefs.h */
#define PACKAGE_NAME "gprof"
#define PACKAGE_TARNAME "gprof"
#define PACKAGE_VERSION "2.30"
#define PACKAGE_STRING "gprof 2.30"
#define PACKAGE_BUGREPORT ""
#define PACKAGE_URL ""
#define PACKAGE "gprof"
#define VERSION "2.30"
#define STDC_HEADERS 1
#define HAVE_SYS_TYPES_H 1
#define HAVE_SYS_STAT_H 1
#define HAVE_STDLIB_H 1
#define HAVE_STRING_H 1
#define HAVE_MEMORY_H 1
#define HAVE_STRINGS_H 1
#define HAVE_INTTYPES_H 1
#define HAVE_STDINT_H 1
#define HAVE_UNISTD_H 1
#define __EXTENSIONS__ 1
#define _ALL_SOURCE 1
#define _GNU_SOURCE 1
#define _POSIX_PTHREAD_SEMANTICS 1
#define _TANDEM_SOURCE 1
#define LT_OBJDIR ".libs/"
#define HAVE_WINDOWS_H 1
#define _FILE_OFFSET_BITS 64
#define HAVE_SETMODE 1
#define ENABLE_NLS 1
#define HAVE_DECL_GETOPT 1

configure: exit 0
