This file contains any messages produced by compilers while
running configure, to aid debugging if configure makes a mistake.

It was created by opcodes configure 2.30, which was
generated by GNU Autoconf 2.64.  Invocation command line was

  $ /home/CCLI0/stm8-binutils-gdb-sources/gdb_w64_2/binutils-2.30/opcodes/configure --srcdir=../../binutils-2.30/opcodes --cache-file=./config.cache --with-gnu-as --with-gnu-ld --with-python=no --with-system-readline --with-libexpat-prefix=/usr/x86_64-w64-mingw32/sys-root/mingw/ --program-transform-name=s&^&stm8-& --disable-option-checking --build=i686-w64-mingw32 --host=x86_64-w64-mingw32 --target=stm8-none-elf32

## --------- ##
## Platform. ##
## --------- ##

hostname = OANBE02627
uname -m = x86_64
uname -r = 3.2.0-340.x86_64
uname -s = MINGW32_NT-10.0-17763
uname -v = 2021-08-02 16:30 UTC

/usr/bin/uname -p = unknown
/bin/uname -X     = unknown

/bin/arch              = x86_64
/usr/bin/arch -k       = unknown
/usr/convex/getsysinfo = unknown
/usr/bin/hostinfo      = unknown
/bin/machine           = unknown
/usr/bin/oslevel       = unknown
/bin/universe          = unknown

PATH: /mingw32/bin
PATH: /usr/local/bin
PATH: /usr/bin
PATH: /bin
PATH: /c/Windows/System32
PATH: /c/Windows
PATH: /c/Windows/System32/Wbem
PATH: /c/Windows/System32/WindowsPowerShell/v1.0/
PATH: /usr/bin/site_perl
PATH: /usr/bin/vendor_perl
PATH: /usr/bin/core_perl
PATH: /mingw64/bin


## ----------- ##
## Core tests. ##
## ----------- ##

configure:2168: loading site script /etc/config.site
| # This file is in public domain.
| # Original author: Karlson2k (Evgeny Grin)
| # Written for MSys2 to help running 'configure' scripts
| 
| # Defaults for MSys2/MinGW64-targeted programs
| 
| # Set proper selfname on bash and fallback to default name on other shells
| test -n "${BASH_SOURCE}" 2>/dev/null && config_site_me="${BASH_SOURCE[0]##*/}" || config_site_me=config.site
| 
| # Set default 'host' to speedup configure
| if test -z "$build_alias"; then
|   build_alias="${MSYSTEM_CHOST}"  && \
|     ${as_echo-echo} "$config_site_me:${as_lineno-$LINENO}: default build_alias set to $build_alias" >&5
| fi
| 
| # Set default 'prefix'
| if ( test -z "$prefix" || test "x$prefix" = "xNONE" ) && \
|     ( test -z "$exec_prefix" || test "x$exec_prefix" = "xNONE" ); then
|   prefix="${MSYSTEM_PREFIX}" && \
|     ${as_echo-echo} "$config_site_me:${as_lineno-$LINENO}: default prefix set to $prefix" >&5
| fi
config.site:20: default prefix set to /mingw32
configure:2187: creating cache ./config.cache
configure:2292: checking build system type
configure:2306: result: i686-w64-mingw32
configure:2326: checking host system type
configure:2339: result: x86_64-w64-mingw32
configure:2359: checking target system type
configure:2372: result: stm8-none-elf32
configure:2406: checking for x86_64-w64-mingw32-gcc
configure:2433: result: gcc
configure:2702: checking for C compiler version
configure:2711: gcc --version >&5
gcc.exe (Rev6, Built by MSYS2 project) 10.2.0
Copyright (C) 2020 Free Software Foundation, Inc.
This is free software; see the source for copying conditions.  There is NO
warranty; not even for MERCHANTABILITY or FITNESS FOR A PARTICULAR PURPOSE.

configure:2722: $? = 0
configure:2711: gcc -v >&5
Using built-in specs.
COLLECT_GCC=C:\msys64\mingw32\bin\gcc.exe
COLLECT_LTO_WRAPPER=C:/msys64/mingw32/bin/../lib/gcc/i686-w64-mingw32/10.2.0/lto-wrapper.exe
Target: i686-w64-mingw32
Configured with: ../gcc-10.2.0/configure --prefix=/mingw32 --with-local-prefix=/mingw32/local --build=i686-w64-mingw32 --host=i686-w64-mingw32 --target=i686-w64-mingw32 --with-native-system-header-dir=/mingw32/i686-w64-mingw32/include --libexecdir=/mingw32/lib --enable-bootstrap --with-arch=i686 --with-tune=generic --enable-languages=c,lto,c++,fortran,ada,objc,obj-c++,jit --enable-shared --enable-static --enable-libatomic --enable-threads=posix --enable-graphite --enable-fully-dynamic-string --enable-libstdcxx-filesystem-ts=yes --enable-libstdcxx-time=yes --disable-libstdcxx-pch --disable-libstdcxx-debug --disable-isl-version-check --enable-lto --enable-libgomp --disable-multilib --enable-checking=release --disable-rpath --disable-win32-registry --disable-nls --disable-werror --disable-symvers --disable-plugin --with-libiconv --with-system-zlib --with-gmp=/mingw32 --with-mpfr=/mingw32 --with-mpc=/mingw32 --with-isl=/mingw32 --with-pkgversion='Rev6, Built by MSYS2 project' --with-bugurl=https://github.com/msys2/MINGW-packages/issues --with-gnu-as --with-gnu-ld --with-boot-ldflags='-pipe -Wl,--dynamicbase,--nxcompat,--no-seh -Wl,--large-address-aware -Wl,--disable-dynamicbase -static-libstdc++ -static-libgcc' 'LDFLAGS_FOR_TARGET=-pipe -Wl,--dynamicbase,--nxcompat,--no-seh -Wl,--large-address-aware' --enable-linker-plugin-flags='LDFLAGS=-static-libstdc++\ -static-libgcc\ -pipe\ -Wl,--dynamicbase,--nxcompat,--no-seh\ -Wl,--large-address-aware\ -Wl,--stack,12582912' --disable-sjlj-exceptions --with-dwarf2
Thread model: posix
Supported LTO compression algorithms: zlib zstd
gcc version 10.2.0 (Rev6, Built by MSYS2 project) 
configure:2722: $? = 0
configure:2711: gcc -V >&5
gcc.exe: error: unrecognized command-line option '-V'
gcc.exe: fatal error: no input files
compilation terminated.
configure:2722: $? = 1
configure:2711: gcc -qversion >&5
gcc.exe: error: unrecognized command-line option '-qversion'; did you mean '--version'?
gcc.exe: fatal error: no input files
compilation terminated.
configure:2722: $? = 1
configure:2742: checking for C compiler default output file name
configure:2764: gcc -g -O2 -D__USE_MINGW_ACCESS  -static-libstdc++ -static-libgcc -static -Wl,--stack,12582912 conftest.c  >&5
configure:2768: $? = 0
configure:2805: result: a.exe
configure:2821: checking whether the C compiler works
configure:2849: result: yes
configure:2856: checking whether we are cross compiling
configure:2858: result: yes
configure:2861: checking for suffix of executables
configure:2868: gcc -o conftest.exe -g -O2 -D__USE_MINGW_ACCESS  -static-libstdc++ -static-libgcc -static -Wl,--stack,12582912 conftest.c  >&5
configure:2872: $? = 0
configure:2894: result: .exe
configure:2900: checking for suffix of object files
configure:2922: gcc -c -g -O2 -D__USE_MINGW_ACCESS  conftest.c >&5
configure:2926: $? = 0
configure:2947: result: o
configure:2951: checking whether we are using the GNU C compiler
configure:2970: gcc -c -g -O2 -D__USE_MINGW_ACCESS  conftest.c >&5
configure:2970: $? = 0
configure:2979: result: yes
configure:2988: checking whether gcc accepts -g
configure:3008: gcc -c -g  conftest.c >&5
configure:3008: $? = 0
configure:3049: result: yes
configure:3066: checking for gcc option to accept ISO C89
configure:3130: gcc  -c -g -O2 -D__USE_MINGW_ACCESS  conftest.c >&5
configure:3130: $? = 0
configure:3143: result: none needed
configure:3164: checking for library containing strerror
configure:3195: gcc -o conftest.exe -g -O2 -D__USE_MINGW_ACCESS  -static-libstdc++ -static-libgcc -static -Wl,--stack,12582912 conftest.c  >&5
configure:3195: $? = 0
configure:3212: result: none required
configure:3237: checking for a BSD-compatible install
configure:3305: result: /usr/bin/install -c
configure:3316: checking whether build environment is sane
configure:3366: result: yes
configure:3415: checking for x86_64-w64-mingw32-strip
configure:3445: result: no
configure:3455: checking for strip
configure:3471: found /mingw32/bin/strip
configure:3482: result: strip
configure:3494: WARNING: using cross tools not prefixed with host triplet
configure:3507: checking for a thread-safe mkdir -p
configure:3546: result: /usr/bin/mkdir -p
configure:3559: checking for gawk
configure:3586: result: gawk
configure:3597: checking whether make sets $(MAKE)
configure:3619: result: yes
configure:3649: checking for style of include used by make
configure:3677: result: GNU
configure:3763: checking dependency style of gcc
configure:3874: result: gcc3
configure:3899: checking for x86_64-w64-mingw32-gcc
configure:3926: result: gcc
configure:4195: checking for C compiler version
configure:4204: gcc --version >&5
gcc.exe (Rev6, Built by MSYS2 project) 10.2.0
Copyright (C) 2020 Free Software Foundation, Inc.
This is free software; see the source for copying conditions.  There is NO
warranty; not even for MERCHANTABILITY or FITNESS FOR A PARTICULAR PURPOSE.

configure:4215: $? = 0
configure:4204: gcc -v >&5
Using built-in specs.
COLLECT_GCC=C:\msys64\mingw32\bin\gcc.exe
COLLECT_LTO_WRAPPER=C:/msys64/mingw32/bin/../lib/gcc/i686-w64-mingw32/10.2.0/lto-wrapper.exe
Target: i686-w64-mingw32
Configured with: ../gcc-10.2.0/configure --prefix=/mingw32 --with-local-prefix=/mingw32/local --build=i686-w64-mingw32 --host=i686-w64-mingw32 --target=i686-w64-mingw32 --with-native-system-header-dir=/mingw32/i686-w64-mingw32/include --libexecdir=/mingw32/lib --enable-bootstrap --with-arch=i686 --with-tune=generic --enable-languages=c,lto,c++,fortran,ada,objc,obj-c++,jit --enable-shared --enable-static --enable-libatomic --enable-threads=posix --enable-graphite --enable-fully-dynamic-string --enable-libstdcxx-filesystem-ts=yes --enable-libstdcxx-time=yes --disable-libstdcxx-pch --disable-libstdcxx-debug --disable-isl-version-check --enable-lto --enable-libgomp --disable-multilib --enable-checking=release --disable-rpath --disable-win32-registry --disable-nls --disable-werror --disable-symvers --disable-plugin --with-libiconv --with-system-zlib --with-gmp=/mingw32 --with-mpfr=/mingw32 --with-mpc=/mingw32 --with-isl=/mingw32 --with-pkgversion='Rev6, Built by MSYS2 project' --with-bugurl=https://github.com/msys2/MINGW-packages/issues --with-gnu-as --with-gnu-ld --with-boot-ldflags='-pipe -Wl,--dynamicbase,--nxcompat,--no-seh -Wl,--large-address-aware -Wl,--disable-dynamicbase -static-libstdc++ -static-libgcc' 'LDFLAGS_FOR_TARGET=-pipe -Wl,--dynamicbase,--nxcompat,--no-seh -Wl,--large-address-aware' --enable-linker-plugin-flags='LDFLAGS=-static-libstdc++\ -static-libgcc\ -pipe\ -Wl,--dynamicbase,--nxcompat,--no-seh\ -Wl,--large-address-aware\ -Wl,--stack,12582912' --disable-sjlj-exceptions --with-dwarf2
Thread model: posix
Supported LTO compression algorithms: zlib zstd
gcc version 10.2.0 (Rev6, Built by MSYS2 project) 
configure:4215: $? = 0
configure:4204: gcc -V >&5
gcc.exe: error: unrecognized command-line option '-V'
gcc.exe: fatal error: no input files
compilation terminated.
configure:4215: $? = 1
configure:4204: gcc -qversion >&5
gcc.exe: error: unrecognized command-line option '-qversion'; did you mean '--version'?
gcc.exe: fatal error: no input files
compilation terminated.
configure:4215: $? = 1
configure:4219: checking whether we are using the GNU C compiler
configure:4247: result: yes
configure:4256: checking whether gcc accepts -g
configure:4317: result: yes
configure:4334: checking for gcc option to accept ISO C89
configure:4411: result: none needed
configure:4436: checking how to run the C preprocessor
configure:4467: gcc -E  conftest.c
configure:4467: $? = 0
configure:4481: gcc -E  conftest.c
conftest.c:11:10: fatal error: ac_nonexistent.h: No such file or directory
   11 | #include <ac_nonexistent.h>
      |          ^~~~~~~~~~~~~~~~~~
compilation terminated.
configure:4481: $? = 1
configure: failed program was:
| /* confdefs.h */
| #define PACKAGE_NAME "opcodes"
| #define PACKAGE_TARNAME "opcodes"
| #define PACKAGE_VERSION "2.30"
| #define PACKAGE_STRING "opcodes 2.30"
| #define PACKAGE_BUGREPORT ""
| #define PACKAGE_URL ""
| #define PACKAGE "opcodes"
| #define VERSION "2.30"
| /* end confdefs.h.  */
| #include <ac_nonexistent.h>
configure:4506: result: gcc -E
configure:4526: gcc -E  conftest.c
configure:4526: $? = 0
configure:4540: gcc -E  conftest.c
conftest.c:11:10: fatal error: ac_nonexistent.h: No such file or directory
   11 | #include <ac_nonexistent.h>
      |          ^~~~~~~~~~~~~~~~~~
compilation terminated.
configure:4540: $? = 1
configure: failed program was:
| /* confdefs.h */
| #define PACKAGE_NAME "opcodes"
| #define PACKAGE_TARNAME "opcodes"
| #define PACKAGE_VERSION "2.30"
| #define PACKAGE_STRING "opcodes 2.30"
| #define PACKAGE_BUGREPORT ""
| #define PACKAGE_URL ""
| #define PACKAGE "opcodes"
| #define VERSION "2.30"
| /* end confdefs.h.  */
| #include <ac_nonexistent.h>
configure:4569: checking for grep that handles long lines and -e
configure:4627: result: /usr/bin/grep
configure:4632: checking for egrep
configure:4694: result: /usr/bin/grep -E
configure:4699: checking for ANSI C header files
configure:4719: gcc -c -g -O2 -D__USE_MINGW_ACCESS  conftest.c >&5
configure:4719: $? = 0
configure:4803: result: yes
configure:4816: checking for sys/types.h
configure:4816: gcc -c -g -O2 -D__USE_MINGW_ACCESS  conftest.c >&5
configure:4816: $? = 0
configure:4816: result: yes
configure:4816: checking for sys/stat.h
configure:4816: gcc -c -g -O2 -D__USE_MINGW_ACCESS  conftest.c >&5
configure:4816: $? = 0
configure:4816: result: yes
configure:4816: checking for stdlib.h
configure:4816: gcc -c -g -O2 -D__USE_MINGW_ACCESS  conftest.c >&5
configure:4816: $? = 0
configure:4816: result: yes
configure:4816: checking for string.h
configure:4816: gcc -c -g -O2 -D__USE_MINGW_ACCESS  conftest.c >&5
configure:4816: $? = 0
configure:4816: result: yes
configure:4816: checking for memory.h
configure:4816: gcc -c -g -O2 -D__USE_MINGW_ACCESS  conftest.c >&5
configure:4816: $? = 0
configure:4816: result: yes
configure:4816: checking for strings.h
configure:4816: gcc -c -g -O2 -D__USE_MINGW_ACCESS  conftest.c >&5
configure:4816: $? = 0
configure:4816: result: yes
configure:4816: checking for inttypes.h
configure:4816: gcc -c -g -O2 -D__USE_MINGW_ACCESS  conftest.c >&5
configure:4816: $? = 0
configure:4816: result: yes
configure:4816: checking for stdint.h
configure:4816: gcc -c -g -O2 -D__USE_MINGW_ACCESS  conftest.c >&5
configure:4816: $? = 0
configure:4816: result: yes
configure:4816: checking for unistd.h
configure:4816: gcc -c -g -O2 -D__USE_MINGW_ACCESS  conftest.c >&5
configure:4816: $? = 0
configure:4816: result: yes
configure:4830: checking minix/config.h usability
configure:4830: gcc -c -g -O2 -D__USE_MINGW_ACCESS  conftest.c >&5
conftest.c:54:10: fatal error: minix/config.h: No such file or directory
   54 | #include <minix/config.h>
      |          ^~~~~~~~~~~~~~~~
compilation terminated.
configure:4830: $? = 1
configure: failed program was:
| /* confdefs.h */
| #define PACKAGE_NAME "opcodes"
| #define PACKAGE_TARNAME "opcodes"
| #define PACKAGE_VERSION "2.30"
| #define PACKAGE_STRING "opcodes 2.30"
| #define PACKAGE_BUGREPORT ""
| #define PACKAGE_URL ""
| #define PACKAGE "opcodes"
| #define VERSION "2.30"
| #define STDC_HEADERS 1
| #define HAVE_SYS_TYPES_H 1
| #define HAVE_SYS_STAT_H 1
| #define HAVE_STDLIB_H 1
| #define HAVE_STRING_H 1
| #define HAVE_MEMORY_H 1
| #define HAVE_STRINGS_H 1
| #define HAVE_INTTYPES_H 1
| #define HAVE_STDINT_H 1
| #define HAVE_UNISTD_H 1
| /* end confdefs.h.  */
| #include <stdio.h>
| #ifdef HAVE_SYS_TYPES_H
| # include <sys/types.h>
| #endif
| #ifdef HAVE_SYS_STAT_H
| # include <sys/stat.h>
| #endif
| #ifdef STDC_HEADERS
| # include <stdlib.h>
| # include <stddef.h>
| #else
| # ifdef HAVE_STDLIB_H
| #  include <stdlib.h>
| # endif
| #endif
| #ifdef HAVE_STRING_H
| # if !defined STDC_HEADERS && defined HAVE_MEMORY_H
| #  include <memory.h>
| # endif
| # include <string.h>
| #endif
| #ifdef HAVE_STRINGS_H
| # include <strings.h>
| #endif
| #ifdef HAVE_INTTYPES_H
| # include <inttypes.h>
| #endif
| #ifdef HAVE_STDINT_H
| # include <stdint.h>
| #endif
| #ifdef HAVE_UNISTD_H
| # include <unistd.h>
| #endif
| #include <minix/config.h>
configure:4830: result: no
configure:4830: checking minix/config.h presence
configure:4830: gcc -E  conftest.c
conftest.c:21:10: fatal error: minix/config.h: No such file or directory
   21 | #include <minix/config.h>
      |          ^~~~~~~~~~~~~~~~
compilation terminated.
configure:4830: $? = 1
configure: failed program was:
| /* confdefs.h */
| #define PACKAGE_NAME "opcodes"
| #define PACKAGE_TARNAME "opcodes"
| #define PACKAGE_VERSION "2.30"
| #define PACKAGE_STRING "opcodes 2.30"
| #define PACKAGE_BUGREPORT ""
| #define PACKAGE_URL ""
| #define PACKAGE "opcodes"
| #define VERSION "2.30"
| #define STDC_HEADERS 1
| #define HAVE_SYS_TYPES_H 1
| #define HAVE_SYS_STAT_H 1
| #define HAVE_STDLIB_H 1
| #define HAVE_STRING_H 1
| #define HAVE_MEMORY_H 1
| #define HAVE_STRINGS_H 1
| #define HAVE_INTTYPES_H 1
| #define HAVE_STDINT_H 1
| #define HAVE_UNISTD_H 1
| /* end confdefs.h.  */
| #include <minix/config.h>
configure:4830: result: no
configure:4830: checking for minix/config.h
configure:4830: result: no
configure:4851: checking whether it is safe to define __EXTENSIONS__
configure:4869: gcc -c -g -O2 -D__USE_MINGW_ACCESS  conftest.c >&5
configure:4869: $? = 0
configure:4876: result: yes
configure:4896: checking for x86_64-w64-mingw32-ar
configure:4923: result: x86_64-w64-mingw32-ar
configure:4988: checking for x86_64-w64-mingw32-ranlib
configure:5015: result: true
configure:5156: checking how to print strings
configure:5183: result: printf
configure:5204: checking for a sed that does not truncate output
configure:5268: result: /usr/bin/sed
configure:5286: checking for fgrep
configure:5348: result: /usr/bin/grep -F
configure:5383: checking for ld used by gcc
configure:5450: result: C:/msys64/mingw32/bin/../lib/gcc/i686-w64-mingw32/10.2.0/../../../../i686-w64-mingw32/bin/ld.exe
configure:5457: checking if the linker (C:/msys64/mingw32/bin/../lib/gcc/i686-w64-mingw32/10.2.0/../../../../i686-w64-mingw32/bin/ld.exe) is GNU ld
configure:5472: result: yes
configure:5484: checking for BSD- or MS-compatible name lister (nm)
configure:5533: result: x86_64-w64-mingw32-nm
configure:5663: checking the name lister (x86_64-w64-mingw32-nm) interface
configure:5670: gcc -c -g -O2 -D__USE_MINGW_ACCESS  conftest.c >&5
configure:5673: x86_64-w64-mingw32-nm "conftest.o"
/home/CCLI0/stm8-binutils-gdb-sources/gdb_w64_2/binutils-2.30/opcodes/configure: line 5674: x86_64-w64-mingw32-nm: command not found
configure:5676: output
configure:5683: result: BSD nm
configure:5686: checking whether ln -s works
configure:5693: result: no, using cp -p
configure:5698: checking the maximum length of command line arguments
configure:5823: result: 8192
configure:5840: checking whether the shell understands some XSI constructs
configure:5850: result: yes
configure:5854: checking whether the shell understands "+="
configure:5860: result: yes
configure:5895: checking for C:/msys64/mingw32/bin/../lib/gcc/i686-w64-mingw32/10.2.0/../../../../i686-w64-mingw32/bin/ld.exe option to reload object files
configure:5902: result: -r
configure:5931: checking for x86_64-w64-mingw32-objdump
configure:5958: result: x86_64-w64-mingw32-objdump
configure:6030: checking how to recognize dependent libraries
configure:6231: result: file_magic ^x86 archive import|^x86 DLL
configure:6251: checking for x86_64-w64-mingw32-ar
configure:6278: result: x86_64-w64-mingw32-ar
configure:6356: checking for x86_64-w64-mingw32-strip
configure:6383: result: strip
configure:6455: checking for x86_64-w64-mingw32-ranlib
configure:6482: result: true
configure:6624: checking command to parse x86_64-w64-mingw32-nm output from gcc object
configure:6742: gcc -c -g -O2 -D__USE_MINGW_ACCESS  conftest.c >&5
configure:6745: $? = 0
configure:6749: x86_64-w64-mingw32-nm conftest.o \| sed -n -e 's/^.*[ ]\([ABCDGISTW][ABCDGISTW]*\)[ ][ ]*\([_A-Za-z][_A-Za-z0-9]*\)\{0,1\}$/\1 \2 \2/p' \> conftest.nm
/home/CCLI0/stm8-binutils-gdb-sources/gdb_w64_2/binutils-2.30/opcodes/configure: line 6750: x86_64-w64-mingw32-nm: command not found
configure:6752: $? = 0
cannot run sed -n -e 's/^.*[	 ]\([ABCDGISTW][ABCDGISTW]*\)[	 ][	 ]*\([_A-Za-z][_A-Za-z0-9]*\)\{0,1\}$/\1 \2 \2/p'
configure:6742: gcc -c -g -O2 -D__USE_MINGW_ACCESS  conftest.c >&5
configure:6745: $? = 0
configure:6749: x86_64-w64-mingw32-nm conftest.o \| sed -n -e 's/^.*[ ]\([ABCDGISTW][ABCDGISTW]*\)[ ][ ]*_\([_A-Za-z][_A-Za-z0-9]*\)\{0,1\}$/\1 _\2 \2/p' \> conftest.nm
/home/CCLI0/stm8-binutils-gdb-sources/gdb_w64_2/binutils-2.30/opcodes/configure: line 6750: x86_64-w64-mingw32-nm: command not found
configure:6752: $? = 0
cannot run sed -n -e 's/^.*[	 ]\([ABCDGISTW][ABCDGISTW]*\)[	 ][	 ]*_\([_A-Za-z][_A-Za-z0-9]*\)\{0,1\}$/\1 _\2 \2/p'
configure:6844: result: failed
configure:7695: checking for dlfcn.h
configure:7695: gcc -c -g -O2 -D__USE_MINGW_ACCESS  conftest.c >&5
conftest.c:60:10: fatal error: dlfcn.h: No such file or directory
   60 | #include <dlfcn.h>
      |          ^~~~~~~~~
compilation terminated.
configure:7695: $? = 1
configure: failed program was:
| /* confdefs.h */
| #define PACKAGE_NAME "opcodes"
| #define PACKAGE_TARNAME "opcodes"
| #define PACKAGE_VERSION "2.30"
| #define PACKAGE_STRING "opcodes 2.30"
| #define PACKAGE_BUGREPORT ""
| #define PACKAGE_URL ""
| #define PACKAGE "opcodes"
| #define VERSION "2.30"
| #define STDC_HEADERS 1
| #define HAVE_SYS_TYPES_H 1
| #define HAVE_SYS_STAT_H 1
| #define HAVE_STDLIB_H 1
| #define HAVE_STRING_H 1
| #define HAVE_MEMORY_H 1
| #define HAVE_STRINGS_H 1
| #define HAVE_INTTYPES_H 1
| #define HAVE_STDINT_H 1
| #define HAVE_UNISTD_H 1
| #define __EXTENSIONS__ 1
| #define _ALL_SOURCE 1
| #define _GNU_SOURCE 1
| #define _POSIX_PTHREAD_SEMANTICS 1
| #define _TANDEM_SOURCE 1
| /* end confdefs.h.  */
| #include <stdio.h>
| #ifdef HAVE_SYS_TYPES_H
| # include <sys/types.h>
| #endif
| #ifdef HAVE_SYS_STAT_H
| # include <sys/stat.h>
| #endif
| #ifdef STDC_HEADERS
| # include <stdlib.h>
| # include <stddef.h>
| #else
| # ifdef HAVE_STDLIB_H
| #  include <stdlib.h>
| # endif
| #endif
| #ifdef HAVE_STRING_H
| # if !defined STDC_HEADERS && defined HAVE_MEMORY_H
| #  include <memory.h>
| # endif
| # include <string.h>
| #endif
| #ifdef HAVE_STRINGS_H
| # include <strings.h>
| #endif
| #ifdef HAVE_INTTYPES_H
| # include <inttypes.h>
| #endif
| #ifdef HAVE_STDINT_H
| # include <stdint.h>
| #endif
| #ifdef HAVE_UNISTD_H
| # include <unistd.h>
| #endif
| 
| #include <dlfcn.h>
configure:7695: result: no
configure:7852: checking for objdir
configure:7867: result: .libs
configure:8138: checking if gcc supports -fno-rtti -fno-exceptions
configure:8156: gcc -c -g -O2 -D__USE_MINGW_ACCESS  -fno-rtti -fno-exceptions conftest.c >&5
cc1.exe: warning: command-line option '-fno-rtti' is valid for C++/D/ObjC++ but not for C
configure:8160: $? = 0
configure:8173: result: no
configure:8193: checking for gcc option to produce PIC
configure:8479: result: -DDLL_EXPORT -DPIC
configure:8491: checking if gcc PIC flag -DDLL_EXPORT -DPIC works
configure:8509: gcc -c -g -O2 -D__USE_MINGW_ACCESS  -DDLL_EXPORT -DPIC -DPIC conftest.c >&5
configure:8513: $? = 0
configure:8526: result: yes
configure:8550: checking if gcc static flag -static works
configure:8578: result: yes
configure:8593: checking if gcc supports -c -o file.o
configure:8614: gcc -c -g -O2 -D__USE_MINGW_ACCESS  -o out/conftest2.o conftest.c >&5
configure:8618: $? = 0
configure:8640: result: yes
configure:8648: checking if gcc supports -c -o file.o
configure:8695: result: yes
configure:8728: checking whether the gcc linker (C:/msys64/mingw32/bin/../lib/gcc/i686-w64-mingw32/10.2.0/../../../../i686-w64-mingw32/bin/ld.exe) supports shared libraries
configure:9799: result: yes
configure:10044: checking dynamic linker characteristics
configure:10717: result: Win32 ld.exe
configure:10824: checking how to hardcode library paths into programs
configure:10849: result: immediate
configure:11389: checking whether stripping libraries is possible
configure:11394: result: yes
configure:11429: checking if libtool supports shared libraries
configure:11431: result: yes
configure:11434: checking whether to build shared libraries
configure:11455: result: no
configure:11458: checking whether to build static libraries
configure:11462: result: yes
configure:11677: checking whether gcc supports -Wmissing-field-initializers
configure:11694: gcc -c -Wmissing-field-initializers  conftest.c >&5
configure:11694: $? = 0
configure:11703: result: yes
configure:11729: checking whether to enable maintainer-specific portions of Makefiles
configure:11738: result: no
configure:11766: checking whether to install libbfd
configure:11779: result: no
configure:11825: checking whether NLS is requested
configure:11831: result: yes
configure:11837: checking for catalogs to be installed
configure:11869: result:  da de es fi fr ga id it nl pt_BR ro sr sv tr uk vi zh_CN da de es fi fr ga id it nl pt_BR ro sr sv tr uk vi zh_CN
configure:11896: checking whether NLS is requested
configure:11905: result: yes
configure:11943: checking for msgfmt
configure:11974: result: /mingw32/bin/msgfmt
configure:11983: checking for gmsgfmt
configure:12014: result: /mingw32/bin/msgfmt
configure:12054: checking for xgettext
configure:12085: result: /mingw32/bin/xgettext
configure:12125: checking for msgmerge
configure:12155: result: /mingw32/bin/msgmerge
configure:12206: checking for build system executable suffix
configure:12224: result: .exe
configure:12237: checking for string.h
configure:12237: result: yes
configure:12237: checking for strings.h
configure:12237: result: yes
configure:12237: checking for stdlib.h
configure:12237: result: yes
configure:12237: checking limits.h usability
configure:12237: gcc -c -g -O2 -D__USE_MINGW_ACCESS  conftest.c >&5
configure:12237: $? = 0
configure:12237: result: yes
configure:12237: checking limits.h presence
configure:12237: gcc -E  conftest.c
configure:12237: $? = 0
configure:12237: result: yes
configure:12237: checking for limits.h
configure:12237: result: yes
configure:12248: checking whether string.h and strings.h may both be included
configure:12265: gcc -c -g -O2 -D__USE_MINGW_ACCESS  conftest.c >&5
configure:12265: $? = 0
configure:12272: result: yes
configure:12281: checking whether basename is declared
configure:12281: gcc -c -g -O2 -D__USE_MINGW_ACCESS  conftest.c >&5
conftest.c: In function 'main':
conftest.c:73:10: error: 'basename' undeclared (first use in this function)
   73 |   (void) basename;
      |          ^~~~~~~~
conftest.c:73:10: note: each undeclared identifier is reported only once for each function it appears in
configure:12281: $? = 1
configure: failed program was:
| /* confdefs.h */
| #define PACKAGE_NAME "opcodes"
| #define PACKAGE_TARNAME "opcodes"
| #define PACKAGE_VERSION "2.30"
| #define PACKAGE_STRING "opcodes 2.30"
| #define PACKAGE_BUGREPORT ""
| #define PACKAGE_URL ""
| #define PACKAGE "opcodes"
| #define VERSION "2.30"
| #define STDC_HEADERS 1
| #define HAVE_SYS_TYPES_H 1
| #define HAVE_SYS_STAT_H 1
| #define HAVE_STDLIB_H 1
| #define HAVE_STRING_H 1
| #define HAVE_MEMORY_H 1
| #define HAVE_STRINGS_H 1
| #define HAVE_INTTYPES_H 1
| #define HAVE_STDINT_H 1
| #define HAVE_UNISTD_H 1
| #define __EXTENSIONS__ 1
| #define _ALL_SOURCE 1
| #define _GNU_SOURCE 1
| #define _POSIX_PTHREAD_SEMANTICS 1
| #define _TANDEM_SOURCE 1
| #define LT_OBJDIR ".libs/"
| #define ENABLE_NLS 1
| #define HAVE_STRING_H 1
| #define HAVE_STRINGS_H 1
| #define HAVE_STDLIB_H 1
| #define HAVE_LIMITS_H 1
| #define STRING_WITH_STRINGS 1
| /* end confdefs.h.  */
| #include <stdio.h>
| #ifdef HAVE_SYS_TYPES_H
| # include <sys/types.h>
| #endif
| #ifdef HAVE_SYS_STAT_H
| # include <sys/stat.h>
| #endif
| #ifdef STDC_HEADERS
| # include <stdlib.h>
| # include <stddef.h>
| #else
| # ifdef HAVE_STDLIB_H
| #  include <stdlib.h>
| # endif
| #endif
| #ifdef HAVE_STRING_H
| # if !defined STDC_HEADERS && defined HAVE_MEMORY_H
| #  include <memory.h>
| # endif
| # include <string.h>
| #endif
| #ifdef HAVE_STRINGS_H
| # include <strings.h>
| #endif
| #ifdef HAVE_INTTYPES_H
| # include <inttypes.h>
| #endif
| #ifdef HAVE_STDINT_H
| # include <stdint.h>
| #endif
| #ifdef HAVE_UNISTD_H
| # include <unistd.h>
| #endif
| int
| main ()
| {
| #ifndef basename
| #ifdef __cplusplus
|   (void) basename;
| #else
|   (void) basename;
| #endif
| #endif
| 
|   ;
|   return 0;
| }
configure:12281: result: no
configure:12291: checking whether stpcpy is declared
configure:12291: gcc -c -g -O2 -D__USE_MINGW_ACCESS  conftest.c >&5
conftest.c: In function 'main':
conftest.c:74:10: error: 'stpcpy' undeclared (first use in this function); did you mean 'strcpy'?
   74 |   (void) stpcpy;
      |          ^~~~~~
      |          strcpy
conftest.c:74:10: note: each undeclared identifier is reported only once for each function it appears in
configure:12291: $? = 1
configure: failed program was:
| /* confdefs.h */
| #define PACKAGE_NAME "opcodes"
| #define PACKAGE_TARNAME "opcodes"
| #define PACKAGE_VERSION "2.30"
| #define PACKAGE_STRING "opcodes 2.30"
| #define PACKAGE_BUGREPORT ""
| #define PACKAGE_URL ""
| #define PACKAGE "opcodes"
| #define VERSION "2.30"
| #define STDC_HEADERS 1
| #define HAVE_SYS_TYPES_H 1
| #define HAVE_SYS_STAT_H 1
| #define HAVE_STDLIB_H 1
| #define HAVE_STRING_H 1
| #define HAVE_MEMORY_H 1
| #define HAVE_STRINGS_H 1
| #define HAVE_INTTYPES_H 1
| #define HAVE_STDINT_H 1
| #define HAVE_UNISTD_H 1
| #define __EXTENSIONS__ 1
| #define _ALL_SOURCE 1
| #define _GNU_SOURCE 1
| #define _POSIX_PTHREAD_SEMANTICS 1
| #define _TANDEM_SOURCE 1
| #define LT_OBJDIR ".libs/"
| #define ENABLE_NLS 1
| #define HAVE_STRING_H 1
| #define HAVE_STRINGS_H 1
| #define HAVE_STDLIB_H 1
| #define HAVE_LIMITS_H 1
| #define STRING_WITH_STRINGS 1
| #define HAVE_DECL_BASENAME 0
| /* end confdefs.h.  */
| #include <stdio.h>
| #ifdef HAVE_SYS_TYPES_H
| # include <sys/types.h>
| #endif
| #ifdef HAVE_SYS_STAT_H
| # include <sys/stat.h>
| #endif
| #ifdef STDC_HEADERS
| # include <stdlib.h>
| # include <stddef.h>
| #else
| # ifdef HAVE_STDLIB_H
| #  include <stdlib.h>
| # endif
| #endif
| #ifdef HAVE_STRING_H
| # if !defined STDC_HEADERS && defined HAVE_MEMORY_H
| #  include <memory.h>
| # endif
| # include <string.h>
| #endif
| #ifdef HAVE_STRINGS_H
| # include <strings.h>
| #endif
| #ifdef HAVE_INTTYPES_H
| # include <inttypes.h>
| #endif
| #ifdef HAVE_STDINT_H
| # include <stdint.h>
| #endif
| #ifdef HAVE_UNISTD_H
| # include <unistd.h>
| #endif
| int
| main ()
| {
| #ifndef stpcpy
| #ifdef __cplusplus
|   (void) stpcpy;
| #else
|   (void) stpcpy;
| #endif
| #endif
| 
|   ;
|   return 0;
| }
configure:12291: result: no
configure:12305: checking for sigsetjmp
configure:12323: gcc -c -g -O2 -D__USE_MINGW_ACCESS  conftest.c >&5
conftest.c: In function 'main':
conftest.c:41:1: error: unknown type name 'sigjmp_buf'; did you mean 'jmp_buf'?
   41 | sigjmp_buf env; while (! sigsetjmp (env, 1)) siglongjmp (env, 1);
      | ^~~~~~~~~~
      | jmp_buf
conftest.c:41:26: warning: implicit declaration of function 'sigsetjmp'; did you mean '_setjmp'? [-Wimplicit-function-declaration]
   41 | sigjmp_buf env; while (! sigsetjmp (env, 1)) siglongjmp (env, 1);
      |                          ^~~~~~~~~
      |                          _setjmp
conftest.c:41:46: warning: implicit declaration of function 'siglongjmp'; did you mean 'longjmp'? [-Wimplicit-function-declaration]
   41 | sigjmp_buf env; while (! sigsetjmp (env, 1)) siglongjmp (env, 1);
      |                                              ^~~~~~~~~~
      |                                              longjmp
configure:12323: $? = 1
configure: failed program was:
| /* confdefs.h */
| #define PACKAGE_NAME "opcodes"
| #define PACKAGE_TARNAME "opcodes"
| #define PACKAGE_VERSION "2.30"
| #define PACKAGE_STRING "opcodes 2.30"
| #define PACKAGE_BUGREPORT ""
| #define PACKAGE_URL ""
| #define PACKAGE "opcodes"
| #define VERSION "2.30"
| #define STDC_HEADERS 1
| #define HAVE_SYS_TYPES_H 1
| #define HAVE_SYS_STAT_H 1
| #define HAVE_STDLIB_H 1
| #define HAVE_STRING_H 1
| #define HAVE_MEMORY_H 1
| #define HAVE_STRINGS_H 1
| #define HAVE_INTTYPES_H 1
| #define HAVE_STDINT_H 1
| #define HAVE_UNISTD_H 1
| #define __EXTENSIONS__ 1
| #define _ALL_SOURCE 1
| #define _GNU_SOURCE 1
| #define _POSIX_PTHREAD_SEMANTICS 1
| #define _TANDEM_SOURCE 1
| #define LT_OBJDIR ".libs/"
| #define ENABLE_NLS 1
| #define HAVE_STRING_H 1
| #define HAVE_STRINGS_H 1
| #define HAVE_STDLIB_H 1
| #define HAVE_LIMITS_H 1
| #define STRING_WITH_STRINGS 1
| #define HAVE_DECL_BASENAME 0
| #define HAVE_DECL_STPCPY 0
| /* end confdefs.h.  */
| 
| #include <setjmp.h>
| 
| int
| main ()
| {
| sigjmp_buf env; while (! sigsetjmp (env, 1)) siglongjmp (env, 1);
|   ;
|   return 0;
| }
configure:12330: result: 
configure:12368: checking linker --as-needed support
configure:12379: result: yes
configure:12470: checking for cos in -lm
configure:12495: gcc -o conftest.exe -g -O2 -D__USE_MINGW_ACCESS  -static-libstdc++ -static-libgcc -static -Wl,--stack,12582912 conftest.c -lm   >&5
conftest.c:42:6: warning: conflicting types for built-in function 'cos'; expected 'double(double)' [-Wbuiltin-declaration-mismatch]
   42 | char cos ();
      |      ^~~
conftest.c:1:1: note: 'cos' is declared in header '<math.h>'
    1 | /* confdefs.h */
configure:12495: $? = 0
configure:12504: result: yes
configure:12835: updating cache ./config.cache
configure:12900: creating ./config.status

## ---------------------- ##
## Running config.status. ##
## ---------------------- ##

This file was extended by opcodes config.status 2.30, which was
generated by GNU Autoconf 2.64.  Invocation command line was

  CONFIG_FILES    = 
  CONFIG_HEADERS  = 
  CONFIG_LINKS    = 
  CONFIG_COMMANDS = 
  $ ./config.status 

on OANBE02627

config.status:1144: creating Makefile
config.status:1144: creating po/Makefile.in
config.status:1144: creating config.h
config.status:1357: executing depfiles commands
config.status:1357: executing libtool commands
config.status:1357: executing default-1 commands

## ---------------- ##
## Cache variables. ##
## ---------------- ##

ac_cv_build=i686-w64-mingw32
ac_cv_c_compiler_gnu=yes
ac_cv_env_CC_set=set
ac_cv_env_CC_value=gcc
ac_cv_env_CFLAGS_set=set
ac_cv_env_CFLAGS_value='-g -O2 -D__USE_MINGW_ACCESS'
ac_cv_env_CPPFLAGS_set=
ac_cv_env_CPPFLAGS_value=
ac_cv_env_CPP_set=
ac_cv_env_CPP_value=
ac_cv_env_LDFLAGS_set=set
ac_cv_env_LDFLAGS_value='-static-libstdc++ -static-libgcc -static -Wl,--stack,12582912'
ac_cv_env_LIBS_set=
ac_cv_env_LIBS_value=
ac_cv_env_build_alias_set=set
ac_cv_env_build_alias_value=i686-w64-mingw32
ac_cv_env_host_alias_set=set
ac_cv_env_host_alias_value=x86_64-w64-mingw32
ac_cv_env_target_alias_set=set
ac_cv_env_target_alias_value=stm8-none-elf32
ac_cv_exeext=.exe
ac_cv_have_decl_basename=no
ac_cv_have_decl_stpcpy=no
ac_cv_header_dlfcn_h=no
ac_cv_header_inttypes_h=yes
ac_cv_header_limits_h=yes
ac_cv_header_memory_h=yes
ac_cv_header_minix_config_h=no
ac_cv_header_stdc=yes
ac_cv_header_stdint_h=yes
ac_cv_header_stdlib_h=yes
ac_cv_header_string_h=yes
ac_cv_header_strings_h=yes
ac_cv_header_sys_stat_h=yes
ac_cv_header_sys_types_h=yes
ac_cv_header_unistd_h=yes
ac_cv_host=x86_64-w64-mingw32
ac_cv_lib_m_cos=yes
ac_cv_objext=o
ac_cv_path_EGREP='/usr/bin/grep -E'
ac_cv_path_FGREP='/usr/bin/grep -F'
ac_cv_path_GMSGFMT=/mingw32/bin/msgfmt
ac_cv_path_GREP=/usr/bin/grep
ac_cv_path_MSGFMT=/mingw32/bin/msgfmt
ac_cv_path_MSGMERGE=/mingw32/bin/msgmerge
ac_cv_path_SED=/usr/bin/sed
ac_cv_path_XGETTEXT=/mingw32/bin/xgettext
ac_cv_path_mkdir=/usr/bin/mkdir
ac_cv_prog_AR=x86_64-w64-mingw32-ar
ac_cv_prog_AWK=gawk
ac_cv_prog_CC=gcc
ac_cv_prog_CPP='gcc -E'
ac_cv_prog_OBJDUMP=x86_64-w64-mingw32-objdump
ac_cv_prog_RANLIB=true
ac_cv_prog_STRIP=strip
ac_cv_prog_ac_ct_STRIP=strip
ac_cv_prog_cc_c89=
ac_cv_prog_cc_g=yes
ac_cv_prog_make_make_set=yes
ac_cv_safe_to_define___extensions__=yes
ac_cv_search_strerror='none required'
ac_cv_target=stm8-none-elf32
acx_cv_prog_cc_warning__Wmissing_field_initializers=yes
am_cv_CC_dependencies_compiler_type=gcc3
bfd_cv_build_exeext=.exe
bfd_cv_func_sigsetjmp=no
bfd_cv_ld_as_needed=yes
gcc_cv_header_string=yes
lt_cv_deplibs_check_method='file_magic ^x86 archive import|^x86 DLL'
lt_cv_file_magic_cmd=func_win32_libid
lt_cv_file_magic_test_file=
lt_cv_ld_reload_flag=-r
lt_cv_nm_interface='BSD nm'
lt_cv_objdir=.libs
lt_cv_path_LD=C:/msys64/mingw32/bin/../lib/gcc/i686-w64-mingw32/10.2.0/../../../../i686-w64-mingw32/bin/ld.exe
lt_cv_path_NM=x86_64-w64-mingw32-nm
lt_cv_prog_compiler_c_o=yes
lt_cv_prog_compiler_pic_works=yes
lt_cv_prog_compiler_rtti_exceptions=no
lt_cv_prog_compiler_static_works=yes
lt_cv_prog_gnu_ld=yes
lt_cv_sys_global_symbol_pipe=
lt_cv_sys_global_symbol_to_c_name_address='sed -n -e '\''s/^: \([^ ]*\) $/  {\"\1\", (void *) 0},/p'\'' -e '\''s/^[ABCDGISTW]* \([^ ]*\) \([^ ]*\)$/  {"\2", (void *) \&\2},/p'\'''
lt_cv_sys_global_symbol_to_c_name_address_lib_prefix='sed -n -e '\''s/^: \([^ ]*\) $/  {\"\1\", (void *) 0},/p'\'' -e '\''s/^[ABCDGISTW]* \([^ ]*\) \(lib[^ ]*\)$/  {"\2", (void *) \&\2},/p'\'' -e '\''s/^[ABCDGISTW]* \([^ ]*\) \([^ ]*\)$/  {"lib\2", (void *) \&\2},/p'\'''
lt_cv_sys_global_symbol_to_cdecl=
lt_cv_sys_max_cmd_len=8192

## ----------------- ##
## Output variables. ##
## ----------------- ##

ACLOCAL='${SHELL} /home/CCLI0/stm8-binutils-gdb-sources/gdb_w64_2/binutils-2.30/missing --run aclocal-1.11'
AMDEPBACKSLASH='\'
AMDEP_FALSE='#'
AMDEP_TRUE=''
AMTAR='$${TAR-tar}'
AR='x86_64-w64-mingw32-ar'
AUTOCONF='${SHELL} /home/CCLI0/stm8-binutils-gdb-sources/gdb_w64_2/binutils-2.30/missing --run autoconf'
AUTOHEADER='${SHELL} /home/CCLI0/stm8-binutils-gdb-sources/gdb_w64_2/binutils-2.30/missing --run autoheader'
AUTOMAKE='${SHELL} /home/CCLI0/stm8-binutils-gdb-sources/gdb_w64_2/binutils-2.30/missing --run automake-1.11'
AWK='gawk'
BFD_MACHINES=' stm8-dis.lo stm8-opc.lo'
BUILD_LIBS='-liberty /mingw32/lib/libintl.a /mingw32/lib/libiconv.a'
BUILD_LIB_DEPS=' '
CATALOGS=' da.gmo de.gmo es.gmo fi.gmo fr.gmo ga.gmo id.gmo it.gmo nl.gmo pt_BR.gmo ro.gmo sr.gmo sv.gmo tr.gmo uk.gmo vi.gmo zh_CN.gmo da.gmo de.gmo es.gmo fi.gmo fr.gmo ga.gmo id.gmo it.gmo nl.gmo pt_BR.gmo ro.gmo sr.gmo sv.gmo tr.gmo uk.gmo vi.gmo zh_CN.gmo'
CATOBJEXT='.gmo'
CC='gcc'
CCDEPMODE='depmode=gcc3'
CC_FOR_BUILD='gcc'
CFLAGS='-g -O2 -D__USE_MINGW_ACCESS'
CGEN_MAINT_FALSE=''
CGEN_MAINT_TRUE='#'
CPP='gcc -E'
CPPFLAGS=''
CYGPATH_W='cygpath -w'
DATADIRNAME='share'
DEFS='-DHAVE_CONFIG_H'
DEPDIR='.deps'
DSYMUTIL=''
DUMPBIN=''
ECHO_C=''
ECHO_N='-n'
ECHO_T=''
EGREP='/usr/bin/grep -E'
EXEEXT='.exe'
EXEEXT_FOR_BUILD='.exe'
FGREP='/usr/bin/grep -F'
GENCAT='gencat'
GMSGFMT='/mingw32/bin/msgfmt'
GREP='/usr/bin/grep'
HDEFINES=''
INCINTL=''
INSTALL_DATA='/usr/bin/install -c -m 644'
INSTALL_LIBBFD_FALSE=''
INSTALL_LIBBFD_TRUE='#'
INSTALL_PROGRAM='/usr/bin/install -c'
INSTALL_SCRIPT='/usr/bin/install -c'
INSTALL_STRIP_PROGRAM='$(install_sh) -c -s'
INSTOBJEXT='.mo'
LD='C:/msys64/mingw32/bin/../lib/gcc/i686-w64-mingw32/10.2.0/../../../../i686-w64-mingw32/bin/ld.exe'
LDFLAGS='-static-libstdc++ -static-libgcc -static -Wl,--stack,12582912'
LIBINTL='/mingw32/lib/libintl.a /mingw32/lib/libiconv.a'
LIBINTL_DEP=''
LIBM='-lm'
LIBOBJS=''
LIBS=''
LIBTOOL='$(SHELL) $(top_builddir)/libtool'
LIPO=''
LN_S='cp -p'
LTLIBOBJS=''
MAINT='#'
MAINTAINER_MODE_FALSE=''
MAINTAINER_MODE_TRUE='#'
MAKEINFO='makeinfo --split-size=5000000'
MKDIR_P='/usr/bin/mkdir -p'
MKINSTALLDIRS='$(top_builddir)/../../binutils-2.30/opcodes/../mkinstalldirs'
MSGFMT='/mingw32/bin/msgfmt'
MSGMERGE='/mingw32/bin/msgmerge'
NM='x86_64-w64-mingw32-nm'
NMEDIT=''
NO_WERROR=''
NO_WMISSING_FIELD_INITIALIZERS='-Wno-missing-field-initializers'
OBJDUMP='x86_64-w64-mingw32-objdump'
OBJEXT='o'
OTOOL64=''
OTOOL=''
PACKAGE='opcodes'
PACKAGE_BUGREPORT=''
PACKAGE_NAME='opcodes'
PACKAGE_STRING='opcodes 2.30'
PACKAGE_TARNAME='opcodes'
PACKAGE_URL=''
PACKAGE_VERSION='2.30'
PATH_SEPARATOR=':'
POSUB='po'
RANLIB='true'
SED='/usr/bin/sed'
SET_MAKE=''
SHARED_DEPENDENCIES=''
SHARED_LDFLAGS=''
SHARED_LIBADD=''
SHELL='/bin/sh'
STRIP='strip'
USE_NLS='yes'
VERSION='2.30'
WARN_CFLAGS='-W -Wall -Wstrict-prototypes -Wmissing-prototypes -Wshadow -Wstack-usage=262144 -Wno-format'
WARN_CFLAGS_FOR_BUILD='-W -Wall -Wstrict-prototypes -Wmissing-prototypes -Wshadow -Wstack-usage=262144 -Wno-format'
WARN_WRITE_STRINGS='-Wwrite-strings'
XGETTEXT='/mingw32/bin/xgettext'
ac_ct_CC=''
ac_ct_DUMPBIN=''
am__EXEEXT_FALSE='#'
am__EXEEXT_TRUE=''
am__fastdepCC_FALSE='#'
am__fastdepCC_TRUE=''
am__include='include'
am__isrc=' -I$(srcdir)'
am__leading_dot='.'
am__nodep='_no'
am__quote=''
am__tar='$${TAR-tar} chof - "$$tardir"'
am__untar='$${TAR-tar} xf -'
archdefs=' -DARCH_stm8'
bfdincludedir='$(exec_prefix)/$(host_noncanonical)/$(target_noncanonical)/include'
bfdlibdir='$(exec_prefix)/$(host_noncanonical)/$(target_noncanonical)/lib'
bindir='${exec_prefix}/bin'
build='i686-w64-mingw32'
build_alias='i686-w64-mingw32'
build_cpu='i686'
build_os='mingw32'
build_vendor='w64'
cgendir='$(srcdir)/../cgen'
datadir='${datarootdir}'
datarootdir='${prefix}/share'
docdir='${datarootdir}/doc/${PACKAGE_TARNAME}'
dvidir='${docdir}'
exec_prefix='${prefix}'
host='x86_64-w64-mingw32'
host_alias='x86_64-w64-mingw32'
host_cpu='x86_64'
host_noncanonical='x86_64-w64-mingw32'
host_os='mingw32'
host_vendor='w64'
htmldir='${docdir}'
includedir='${prefix}/include'
infodir='${datarootdir}/info'
install_sh='${SHELL} /home/CCLI0/stm8-binutils-gdb-sources/gdb_w64_2/binutils-2.30/install-sh'
libdir='${exec_prefix}/lib'
libexecdir='${exec_prefix}/libexec'
localedir='${datarootdir}/locale'
localstatedir='${prefix}/var'
mandir='${datarootdir}/man'
mkdir_p='/usr/bin/mkdir -p'
oldincludedir='/usr/include'
pdfdir='${docdir}'
prefix='/mingw32'
program_transform_name='s&^&stm8-&'
psdir='${docdir}'
sbindir='${exec_prefix}/sbin'
sharedstatedir='${prefix}/com'
sysconfdir='${prefix}/etc'
target='stm8-none-elf32'
target_alias='stm8-none-elf32'
target_cpu='stm8'
target_noncanonical='stm8-none-elf32'
target_os='elf32'
target_vendor='none'

## ----------- ##
## confdefs.h. ##
## ----------- ##

/* confdefs.h */
#define PACKAGE_NAME "opcodes"
#define PACKAGE_TARNAME "opcodes"
#define PACKAGE_VERSION "2.30"
#define PACKAGE_STRING "opcodes 2.30"
#define PACKAGE_BUGREPORT ""
#define PACKAGE_URL ""
#define PACKAGE "opcodes"
#define VERSION "2.30"
#define STDC_HEADERS 1
#define HAVE_SYS_TYPES_H 1
#define HAVE_SYS_STAT_H 1
#define HAVE_STDLIB_H 1
#define HAVE_STRING_H 1
#define HAVE_MEMORY_H 1
#define HAVE_STRINGS_H 1
#define HAVE_INTTYPES_H 1
#define HAVE_STDINT_H 1
#define HAVE_UNISTD_H 1
#define __EXTENSIONS__ 1
#define _ALL_SOURCE 1
#define _GNU_SOURCE 1
#define _POSIX_PTHREAD_SEMANTICS 1
#define _TANDEM_SOURCE 1
#define LT_OBJDIR ".libs/"
#define ENABLE_NLS 1
#define HAVE_STRING_H 1
#define HAVE_STRINGS_H 1
#define HAVE_STDLIB_H 1
#define HAVE_LIMITS_H 1
#define STRING_WITH_STRINGS 1
#define HAVE_DECL_BASENAME 0
#define HAVE_DECL_STPCPY 0

configure: exit 0
