This file contains any messages produced by compilers while
running configure, to aid debugging if configure makes a mistake.

It was created by configure, which was
generated by GNU Autoconf 2.64.  Invocation command line was

  $ /home/CCLI0/stm8-binutils-gdb-sources/gdb_w64_2/binutils-2.30/zlib/configure --srcdir=../../binutils-2.30/zlib --cache-file=./config.cache --with-gnu-as --with-gnu-ld --with-python=no --with-system-readline --with-libexpat-prefix=/usr/x86_64-w64-mingw32/sys-root/mingw/ --program-transform-name=s&^&stm8-& --disable-option-checking --build=i686-w64-mingw32 --host=x86_64-w64-mingw32 --target=stm8-none-elf32

## --------- ##
## Platform. ##
## --------- ##

hostname = OANBE02627
uname -m = x86_64
uname -r = 3.2.0-340.x86_64
uname -s = MINGW32_NT-10.0-17763
uname -v = 2021-08-02 16:30 UTC

/usr/bin/uname -p = unknown
/bin/uname -X     = unknown

/bin/arch              = x86_64
/usr/bin/arch -k       = unknown
/usr/convex/getsysinfo = unknown
/usr/bin/hostinfo      = unknown
/bin/machine           = unknown
/usr/bin/oslevel       = unknown
/bin/universe          = unknown

PATH: /mingw32/bin
PATH: /usr/local/bin
PATH: /usr/bin
PATH: /bin
PATH: /c/Windows/System32
PATH: /c/Windows
PATH: /c/Windows/System32/Wbem
PATH: /c/Windows/System32/WindowsPowerShell/v1.0/
PATH: /usr/bin/site_perl
PATH: /usr/bin/vendor_perl
PATH: /usr/bin/core_perl
PATH: /mingw64/bin


## ----------- ##
## Core tests. ##
## ----------- ##

configure:2088: loading site script /etc/config.site
| # This file is in public domain.
| # Original author: Karlson2k (Evgeny Grin)
| # Written for MSys2 to help running 'configure' scripts
| 
| # Defaults for MSys2/MinGW64-targeted programs
| 
| # Set proper selfname on bash and fallback to default name on other shells
| test -n "${BASH_SOURCE}" 2>/dev/null && config_site_me="${BASH_SOURCE[0]##*/}" || config_site_me=config.site
| 
| # Set default 'host' to speedup configure
| if test -z "$build_alias"; then
|   build_alias="${MSYSTEM_CHOST}"  && \
|     ${as_echo-echo} "$config_site_me:${as_lineno-$LINENO}: default build_alias set to $build_alias" >&5
| fi
| 
| # Set default 'prefix'
| if ( test -z "$prefix" || test "x$prefix" = "xNONE" ) && \
|     ( test -z "$exec_prefix" || test "x$exec_prefix" = "xNONE" ); then
|   prefix="${MSYSTEM_PREFIX}" && \
|     ${as_echo-echo} "$config_site_me:${as_lineno-$LINENO}: default prefix set to $prefix" >&5
| fi
config.site:20: default prefix set to /mingw32
configure:2107: creating cache ./config.cache
configure:2252: checking build system type
configure:2266: result: i686-w64-mingw32
configure:2286: checking host system type
configure:2299: result: x86_64-w64-mingw32
configure:2319: checking target system type
configure:2332: result: stm8-none-elf32
configure:2380: checking for a BSD-compatible install
configure:2448: result: /usr/bin/install -c
configure:2459: checking whether build environment is sane
configure:2509: result: yes
configure:2558: checking for x86_64-w64-mingw32-strip
configure:2588: result: no
configure:2598: checking for strip
configure:2614: found /mingw32/bin/strip
configure:2625: result: strip
configure:2637: WARNING: using cross tools not prefixed with host triplet
configure:2650: checking for a thread-safe mkdir -p
configure:2689: result: /usr/bin/mkdir -p
configure:2702: checking for gawk
configure:2729: result: gawk
configure:2740: checking whether make sets $(MAKE)
configure:2762: result: yes
configure:2844: checking whether to enable maintainer-specific portions of Makefiles
configure:2853: result: no
configure:2924: checking for x86_64-w64-mingw32-gcc
configure:2951: result: gcc
configure:3220: checking for C compiler version
configure:3229: gcc --version >&5
gcc.exe (Rev6, Built by MSYS2 project) 10.2.0
Copyright (C) 2020 Free Software Foundation, Inc.
This is free software; see the source for copying conditions.  There is NO
warranty; not even for MERCHANTABILITY or FITNESS FOR A PARTICULAR PURPOSE.

configure:3240: $? = 0
configure:3229: gcc -v >&5
Using built-in specs.
COLLECT_GCC=C:\msys64\mingw32\bin\gcc.exe
COLLECT_LTO_WRAPPER=C:/msys64/mingw32/bin/../lib/gcc/i686-w64-mingw32/10.2.0/lto-wrapper.exe
Target: i686-w64-mingw32
Configured with: ../gcc-10.2.0/configure --prefix=/mingw32 --with-local-prefix=/mingw32/local --build=i686-w64-mingw32 --host=i686-w64-mingw32 --target=i686-w64-mingw32 --with-native-system-header-dir=/mingw32/i686-w64-mingw32/include --libexecdir=/mingw32/lib --enable-bootstrap --with-arch=i686 --with-tune=generic --enable-languages=c,lto,c++,fortran,ada,objc,obj-c++,jit --enable-shared --enable-static --enable-libatomic --enable-threads=posix --enable-graphite --enable-fully-dynamic-string --enable-libstdcxx-filesystem-ts=yes --enable-libstdcxx-time=yes --disable-libstdcxx-pch --disable-libstdcxx-debug --disable-isl-version-check --enable-lto --enable-libgomp --disable-multilib --enable-checking=release --disable-rpath --disable-win32-registry --disable-nls --disable-werror --disable-symvers --disable-plugin --with-libiconv --with-system-zlib --with-gmp=/mingw32 --with-mpfr=/mingw32 --with-mpc=/mingw32 --with-isl=/mingw32 --with-pkgversion='Rev6, Built by MSYS2 project' --with-bugurl=https://github.com/msys2/MINGW-packages/issues --with-gnu-as --with-gnu-ld --with-boot-ldflags='-pipe -Wl,--dynamicbase,--nxcompat,--no-seh -Wl,--large-address-aware -Wl,--disable-dynamicbase -static-libstdc++ -static-libgcc' 'LDFLAGS_FOR_TARGET=-pipe -Wl,--dynamicbase,--nxcompat,--no-seh -Wl,--large-address-aware' --enable-linker-plugin-flags='LDFLAGS=-static-libstdc++\ -static-libgcc\ -pipe\ -Wl,--dynamicbase,--nxcompat,--no-seh\ -Wl,--large-address-aware\ -Wl,--stack,12582912' --disable-sjlj-exceptions --with-dwarf2
Thread model: posix
Supported LTO compression algorithms: zlib zstd
gcc version 10.2.0 (Rev6, Built by MSYS2 project) 
configure:3240: $? = 0
configure:3229: gcc -V >&5
gcc.exe: error: unrecognized command-line option '-V'
gcc.exe: fatal error: no input files
compilation terminated.
configure:3240: $? = 1
configure:3229: gcc -qversion >&5
gcc.exe: error: unrecognized command-line option '-qversion'; did you mean '--version'?
gcc.exe: fatal error: no input files
compilation terminated.
configure:3240: $? = 1
configure:3256: gcc -o conftest -g -O2 -D__USE_MINGW_ACCESS  -static-libstdc++ -static-libgcc -static -Wl,--stack,12582912 conftest.c  >&5
configure:3259: $? = 0
configure:3288: checking for C compiler default output file name
configure:3310: gcc -g -O2 -D__USE_MINGW_ACCESS  -static-libstdc++ -static-libgcc -static -Wl,--stack,12582912 conftest.c  >&5
configure:3314: $? = 0
configure:3351: result: a.exe
configure:3367: checking whether the C compiler works
configure:3395: result: yes
configure:3402: checking whether we are cross compiling
configure:3404: result: yes
configure:3407: checking for suffix of executables
configure:3414: gcc -o conftest.exe -g -O2 -D__USE_MINGW_ACCESS  -static-libstdc++ -static-libgcc -static -Wl,--stack,12582912 conftest.c  >&5
configure:3418: $? = 0
configure:3440: result: .exe
configure:3447: checking for suffix of object files
configure:3469: gcc -c -g -O2 -D__USE_MINGW_ACCESS  conftest.c >&5
configure:3473: $? = 0
configure:3494: result: o
configure:3498: checking whether we are using the GNU C compiler
configure:3517: gcc -c -g -O2 -D__USE_MINGW_ACCESS  conftest.c >&5
configure:3517: $? = 0
configure:3526: result: yes
configure:3535: checking whether gcc accepts -g
configure:3555: gcc -c -g  conftest.c >&5
configure:3555: $? = 0
configure:3596: result: yes
configure:3613: checking for gcc option to accept ISO C89
configure:3677: gcc  -c -g -O2 -D__USE_MINGW_ACCESS  conftest.c >&5
configure:3677: $? = 0
configure:3690: result: none needed
configure:3721: checking for style of include used by make
configure:3749: result: GNU
configure:3775: checking dependency style of gcc
configure:3886: result: gcc3
configure:3951: checking how to print strings
configure:3978: result: printf
configure:3999: checking for a sed that does not truncate output
configure:4063: result: /usr/bin/sed
configure:4081: checking for grep that handles long lines and -e
configure:4139: result: /usr/bin/grep
configure:4144: checking for egrep
configure:4206: result: /usr/bin/grep -E
configure:4211: checking for fgrep
configure:4273: result: /usr/bin/grep -F
configure:4308: checking for ld used by gcc
configure:4375: result: C:/msys64/mingw32/bin/../lib/gcc/i686-w64-mingw32/10.2.0/../../../../i686-w64-mingw32/bin/ld.exe
configure:4382: checking if the linker (C:/msys64/mingw32/bin/../lib/gcc/i686-w64-mingw32/10.2.0/../../../../i686-w64-mingw32/bin/ld.exe) is GNU ld
configure:4397: result: yes
configure:4409: checking for BSD- or MS-compatible name lister (nm)
configure:4458: result: x86_64-w64-mingw32-nm
configure:4588: checking the name lister (x86_64-w64-mingw32-nm) interface
configure:4595: gcc -c -g -O2 -D__USE_MINGW_ACCESS  conftest.c >&5
configure:4598: x86_64-w64-mingw32-nm "conftest.o"
/home/CCLI0/stm8-binutils-gdb-sources/gdb_w64_2/binutils-2.30/zlib/configure: line 4599: x86_64-w64-mingw32-nm: command not found
configure:4601: output
configure:4608: result: BSD nm
configure:4611: checking whether ln -s works
configure:4618: result: no, using cp -p
configure:4623: checking the maximum length of command line arguments
configure:4748: result: 8192
configure:4765: checking whether the shell understands some XSI constructs
configure:4775: result: yes
configure:4779: checking whether the shell understands "+="
configure:4785: result: yes
configure:4820: checking for C:/msys64/mingw32/bin/../lib/gcc/i686-w64-mingw32/10.2.0/../../../../i686-w64-mingw32/bin/ld.exe option to reload object files
configure:4827: result: -r
configure:4856: checking for x86_64-w64-mingw32-objdump
configure:4883: result: x86_64-w64-mingw32-objdump
configure:4955: checking how to recognize dependent libraries
configure:5156: result: file_magic ^x86 archive import|^x86 DLL
configure:5176: checking for x86_64-w64-mingw32-ar
configure:5203: result: x86_64-w64-mingw32-ar
configure:5281: checking for x86_64-w64-mingw32-strip
configure:5308: result: strip
configure:5380: checking for x86_64-w64-mingw32-ranlib
configure:5407: result: true
configure:5549: checking command to parse x86_64-w64-mingw32-nm output from gcc object
configure:5667: gcc -c -g -O2 -D__USE_MINGW_ACCESS  conftest.c >&5
configure:5670: $? = 0
configure:5674: x86_64-w64-mingw32-nm conftest.o \| sed -n -e 's/^.*[ ]\([ABCDGISTW][ABCDGISTW]*\)[ ][ ]*\([_A-Za-z][_A-Za-z0-9]*\)\{0,1\}$/\1 \2 \2/p' \> conftest.nm
/home/CCLI0/stm8-binutils-gdb-sources/gdb_w64_2/binutils-2.30/zlib/configure: line 5675: x86_64-w64-mingw32-nm: command not found
configure:5677: $? = 0
cannot run sed -n -e 's/^.*[	 ]\([ABCDGISTW][ABCDGISTW]*\)[	 ][	 ]*\([_A-Za-z][_A-Za-z0-9]*\)\{0,1\}$/\1 \2 \2/p'
configure:5667: gcc -c -g -O2 -D__USE_MINGW_ACCESS  conftest.c >&5
configure:5670: $? = 0
configure:5674: x86_64-w64-mingw32-nm conftest.o \| sed -n -e 's/^.*[ ]\([ABCDGISTW][ABCDGISTW]*\)[ ][ ]*_\([_A-Za-z][_A-Za-z0-9]*\)\{0,1\}$/\1 _\2 \2/p' \> conftest.nm
/home/CCLI0/stm8-binutils-gdb-sources/gdb_w64_2/binutils-2.30/zlib/configure: line 5675: x86_64-w64-mingw32-nm: command not found
configure:5677: $? = 0
cannot run sed -n -e 's/^.*[	 ]\([ABCDGISTW][ABCDGISTW]*\)[	 ][	 ]*_\([_A-Za-z][_A-Za-z0-9]*\)\{0,1\}$/\1 _\2 \2/p'
configure:5769: result: failed
configure:6630: checking how to run the C preprocessor
configure:6661: gcc -E  conftest.c
configure:6661: $? = 0
configure:6675: gcc -E  conftest.c
conftest.c:11:10: fatal error: ac_nonexistent.h: No such file or directory
   11 | #include <ac_nonexistent.h>
      |          ^~~~~~~~~~~~~~~~~~
compilation terminated.
configure:6675: $? = 1
configure: failed program was:
| /* confdefs.h */
| #define PACKAGE_NAME ""
| #define PACKAGE_TARNAME ""
| #define PACKAGE_VERSION ""
| #define PACKAGE_STRING ""
| #define PACKAGE_BUGREPORT ""
| #define PACKAGE_URL ""
| #define PACKAGE "zlib"
| #define VERSION "1.1.4"
| /* end confdefs.h.  */
| #include <ac_nonexistent.h>
configure:6700: result: gcc -E
configure:6720: gcc -E  conftest.c
configure:6720: $? = 0
configure:6734: gcc -E  conftest.c
conftest.c:11:10: fatal error: ac_nonexistent.h: No such file or directory
   11 | #include <ac_nonexistent.h>
      |          ^~~~~~~~~~~~~~~~~~
compilation terminated.
configure:6734: $? = 1
configure: failed program was:
| /* confdefs.h */
| #define PACKAGE_NAME ""
| #define PACKAGE_TARNAME ""
| #define PACKAGE_VERSION ""
| #define PACKAGE_STRING ""
| #define PACKAGE_BUGREPORT ""
| #define PACKAGE_URL ""
| #define PACKAGE "zlib"
| #define VERSION "1.1.4"
| /* end confdefs.h.  */
| #include <ac_nonexistent.h>
configure:6763: checking for ANSI C header files
configure:6783: gcc -c -g -O2 -D__USE_MINGW_ACCESS  conftest.c >&5
configure:6783: $? = 0
configure:6867: result: yes
configure:6880: checking for sys/types.h
configure:6880: gcc -c -g -O2 -D__USE_MINGW_ACCESS  conftest.c >&5
configure:6880: $? = 0
configure:6880: result: yes
configure:6880: checking for sys/stat.h
configure:6880: gcc -c -g -O2 -D__USE_MINGW_ACCESS  conftest.c >&5
configure:6880: $? = 0
configure:6880: result: yes
configure:6880: checking for stdlib.h
configure:6880: gcc -c -g -O2 -D__USE_MINGW_ACCESS  conftest.c >&5
configure:6880: $? = 0
configure:6880: result: yes
configure:6880: checking for string.h
configure:6880: gcc -c -g -O2 -D__USE_MINGW_ACCESS  conftest.c >&5
configure:6880: $? = 0
configure:6880: result: yes
configure:6880: checking for memory.h
configure:6880: gcc -c -g -O2 -D__USE_MINGW_ACCESS  conftest.c >&5
configure:6880: $? = 0
configure:6880: result: yes
configure:6880: checking for strings.h
configure:6880: gcc -c -g -O2 -D__USE_MINGW_ACCESS  conftest.c >&5
configure:6880: $? = 0
configure:6880: result: yes
configure:6880: checking for inttypes.h
configure:6880: gcc -c -g -O2 -D__USE_MINGW_ACCESS  conftest.c >&5
configure:6880: $? = 0
configure:6880: result: yes
configure:6880: checking for stdint.h
configure:6880: gcc -c -g -O2 -D__USE_MINGW_ACCESS  conftest.c >&5
configure:6880: $? = 0
configure:6880: result: yes
configure:6880: checking for unistd.h
configure:6880: gcc -c -g -O2 -D__USE_MINGW_ACCESS  conftest.c >&5
configure:6880: $? = 0
configure:6880: result: yes
configure:6895: checking for dlfcn.h
configure:6895: gcc -c -g -O2 -D__USE_MINGW_ACCESS  conftest.c >&5
conftest.c:55:10: fatal error: dlfcn.h: No such file or directory
   55 | #include <dlfcn.h>
      |          ^~~~~~~~~
compilation terminated.
configure:6895: $? = 1
configure: failed program was:
| /* confdefs.h */
| #define PACKAGE_NAME ""
| #define PACKAGE_TARNAME ""
| #define PACKAGE_VERSION ""
| #define PACKAGE_STRING ""
| #define PACKAGE_BUGREPORT ""
| #define PACKAGE_URL ""
| #define PACKAGE "zlib"
| #define VERSION "1.1.4"
| #define STDC_HEADERS 1
| #define HAVE_SYS_TYPES_H 1
| #define HAVE_SYS_STAT_H 1
| #define HAVE_STDLIB_H 1
| #define HAVE_STRING_H 1
| #define HAVE_MEMORY_H 1
| #define HAVE_STRINGS_H 1
| #define HAVE_INTTYPES_H 1
| #define HAVE_STDINT_H 1
| #define HAVE_UNISTD_H 1
| /* end confdefs.h.  */
| #include <stdio.h>
| #ifdef HAVE_SYS_TYPES_H
| # include <sys/types.h>
| #endif
| #ifdef HAVE_SYS_STAT_H
| # include <sys/stat.h>
| #endif
| #ifdef STDC_HEADERS
| # include <stdlib.h>
| # include <stddef.h>
| #else
| # ifdef HAVE_STDLIB_H
| #  include <stdlib.h>
| # endif
| #endif
| #ifdef HAVE_STRING_H
| # if !defined STDC_HEADERS && defined HAVE_MEMORY_H
| #  include <memory.h>
| # endif
| # include <string.h>
| #endif
| #ifdef HAVE_STRINGS_H
| # include <strings.h>
| #endif
| #ifdef HAVE_INTTYPES_H
| # include <inttypes.h>
| #endif
| #ifdef HAVE_STDINT_H
| # include <stdint.h>
| #endif
| #ifdef HAVE_UNISTD_H
| # include <unistd.h>
| #endif
| 
| #include <dlfcn.h>
configure:6895: result: no
configure:7082: checking for objdir
configure:7097: result: .libs
configure:7368: checking if gcc supports -fno-rtti -fno-exceptions
configure:7386: gcc -c -g -O2 -D__USE_MINGW_ACCESS  -fno-rtti -fno-exceptions conftest.c >&5
cc1.exe: warning: command-line option '-fno-rtti' is valid for C++/D/ObjC++ but not for C
configure:7390: $? = 0
configure:7403: result: no
configure:7423: checking for gcc option to produce PIC
configure:7709: result: -DDLL_EXPORT -DPIC
configure:7721: checking if gcc PIC flag -DDLL_EXPORT -DPIC works
configure:7739: gcc -c -g -O2 -D__USE_MINGW_ACCESS  -DDLL_EXPORT -DPIC -DPIC conftest.c >&5
configure:7743: $? = 0
configure:7756: result: yes
configure:7780: checking if gcc static flag -static works
configure:7808: result: yes
configure:7823: checking if gcc supports -c -o file.o
configure:7844: gcc -c -g -O2 -D__USE_MINGW_ACCESS  -o out/conftest2.o conftest.c >&5
configure:7848: $? = 0
configure:7870: result: yes
configure:7878: checking if gcc supports -c -o file.o
configure:7925: result: yes
configure:7958: checking whether the gcc linker (C:/msys64/mingw32/bin/../lib/gcc/i686-w64-mingw32/10.2.0/../../../../i686-w64-mingw32/bin/ld.exe) supports shared libraries
configure:9038: result: yes
configure:9075: checking whether -lc should be explicitly linked in
configure:9083: gcc -c -g -O2 -D__USE_MINGW_ACCESS  conftest.c >&5
configure:9086: $? = 0
configure:9101: gcc -shared conftest.o  -v -o ./conftest -Wl,--enable-auto-image-base -Xlinker --out-implib -Xlinker conftest 2\>\&1 \| /usr/bin/grep  -lc  \>/dev/null 2\>\&1
configure:9104: $? = 1
configure:9118: result: yes
configure:9283: checking dynamic linker characteristics
configure:9959: result: Win32 ld.exe
configure:10066: checking how to hardcode library paths into programs
configure:10091: result: immediate
configure:10646: checking whether stripping libraries is possible
configure:10651: result: yes
configure:10686: checking if libtool supports shared libraries
configure:10688: result: yes
configure:10691: checking whether to build shared libraries
configure:10712: result: yes
configure:10715: checking whether to build static libraries
configure:10719: result: yes
configure:10762: checking how to run the C preprocessor
configure:10832: result: gcc -E
configure:10852: gcc -E  conftest.c
configure:10852: $? = 0
configure:10866: gcc -E  conftest.c
conftest.c:22:10: fatal error: ac_nonexistent.h: No such file or directory
   22 | #include <ac_nonexistent.h>
      |          ^~~~~~~~~~~~~~~~~~
compilation terminated.
configure:10866: $? = 1
configure: failed program was:
| /* confdefs.h */
| #define PACKAGE_NAME ""
| #define PACKAGE_TARNAME ""
| #define PACKAGE_VERSION ""
| #define PACKAGE_STRING ""
| #define PACKAGE_BUGREPORT ""
| #define PACKAGE_URL ""
| #define PACKAGE "zlib"
| #define VERSION "1.1.4"
| #define STDC_HEADERS 1
| #define HAVE_SYS_TYPES_H 1
| #define HAVE_SYS_STAT_H 1
| #define HAVE_STDLIB_H 1
| #define HAVE_STRING_H 1
| #define HAVE_MEMORY_H 1
| #define HAVE_STRINGS_H 1
| #define HAVE_INTTYPES_H 1
| #define HAVE_STDINT_H 1
| #define HAVE_UNISTD_H 1
| #define LT_OBJDIR ".libs/"
| /* end confdefs.h.  */
| #include <ac_nonexistent.h>
configure:10919: checking for stdlib.h
configure:10919: result: yes
configure:10919: checking for unistd.h
configure:10919: result: yes
configure:10932: checking for getpagesize
configure:10932: gcc -o conftest.exe -g -O2 -D__USE_MINGW_ACCESS  -static-libstdc++ -static-libgcc -static -Wl,--stack,12582912 conftest.c  >&5
configure:10932: $? = 0
configure:10932: result: yes
configure:10941: checking for working mmap
configure:11088: result: no
configure:11101: checking for memcpy
configure:11101: gcc -o conftest.exe -g -O2 -D__USE_MINGW_ACCESS  -static-libstdc++ -static-libgcc -static -Wl,--stack,12582912 conftest.c  >&5
conftest.c:48:6: warning: conflicting types for built-in function 'memcpy'; expected 'void *(void *, const void *, unsigned int)' [-Wbuiltin-declaration-mismatch]
   48 | char memcpy ();
      |      ^~~~~~
conftest.c:36:1: note: 'memcpy' is declared in header '<string.h>'
   35 | # include <limits.h>
   36 | #else
configure:11101: $? = 0
configure:11101: result: yes
configure:11101: checking for strerror
configure:11101: gcc -o conftest.exe -g -O2 -D__USE_MINGW_ACCESS  -static-libstdc++ -static-libgcc -static -Wl,--stack,12582912 conftest.c  >&5
configure:11101: $? = 0
configure:11101: result: yes
configure:11167: checking for unistd.h
configure:11167: result: yes
configure:11281: updating cache ./config.cache
configure:11378: creating ./config.status

## ---------------------- ##
## Running config.status. ##
## ---------------------- ##

This file was extended by config.status, which was
generated by GNU Autoconf 2.64.  Invocation command line was

  CONFIG_FILES    = 
  CONFIG_HEADERS  = 
  CONFIG_LINKS    = 
  CONFIG_COMMANDS = 
  $ ./config.status 

on OANBE02627

config.status:1028: creating Makefile
config.status:1184: executing depfiles commands
config.status:1184: executing libtool commands

## ---------------- ##
## Cache variables. ##
## ---------------- ##

ac_cv_build=i686-w64-mingw32
ac_cv_c_compiler_gnu=yes
ac_cv_env_CPPFLAGS_set=
ac_cv_env_CPPFLAGS_value=
ac_cv_env_CPP_set=
ac_cv_env_CPP_value=
ac_cv_env_build_alias_set=set
ac_cv_env_build_alias_value=i686-w64-mingw32
ac_cv_env_host_alias_set=set
ac_cv_env_host_alias_value=x86_64-w64-mingw32
ac_cv_env_target_alias_set=set
ac_cv_env_target_alias_value=stm8-none-elf32
ac_cv_exeext=.exe
ac_cv_func_getpagesize=yes
ac_cv_func_memcpy=yes
ac_cv_func_mmap_fixed_mapped=no
ac_cv_func_strerror=yes
ac_cv_header_dlfcn_h=no
ac_cv_header_inttypes_h=yes
ac_cv_header_memory_h=yes
ac_cv_header_stdc=yes
ac_cv_header_stdint_h=yes
ac_cv_header_stdlib_h=yes
ac_cv_header_string_h=yes
ac_cv_header_strings_h=yes
ac_cv_header_sys_stat_h=yes
ac_cv_header_sys_types_h=yes
ac_cv_header_unistd_h=yes
ac_cv_host=x86_64-w64-mingw32
ac_cv_objext=o
ac_cv_path_EGREP='/usr/bin/grep -E'
ac_cv_path_FGREP='/usr/bin/grep -F'
ac_cv_path_GREP=/usr/bin/grep
ac_cv_path_SED=/usr/bin/sed
ac_cv_path_mkdir=/usr/bin/mkdir
ac_cv_prog_AR=x86_64-w64-mingw32-ar
ac_cv_prog_AWK=gawk
ac_cv_prog_CC=gcc
ac_cv_prog_CPP='gcc -E'
ac_cv_prog_OBJDUMP=x86_64-w64-mingw32-objdump
ac_cv_prog_RANLIB=true
ac_cv_prog_STRIP=strip
ac_cv_prog_ac_ct_STRIP=strip
ac_cv_prog_cc_c89=
ac_cv_prog_cc_g=yes
ac_cv_prog_make_make_set=yes
ac_cv_target=stm8-none-elf32
am_cv_CC_dependencies_compiler_type=gcc3
lt_cv_archive_cmds_need_lc=yes
lt_cv_deplibs_check_method='file_magic ^x86 archive import|^x86 DLL'
lt_cv_file_magic_cmd=func_win32_libid
lt_cv_file_magic_test_file=
lt_cv_ld_reload_flag=-r
lt_cv_nm_interface='BSD nm'
lt_cv_objdir=.libs
lt_cv_path_LD=C:/msys64/mingw32/bin/../lib/gcc/i686-w64-mingw32/10.2.0/../../../../i686-w64-mingw32/bin/ld.exe
lt_cv_path_NM=x86_64-w64-mingw32-nm
lt_cv_prog_compiler_c_o=yes
lt_cv_prog_compiler_pic_works=yes
lt_cv_prog_compiler_rtti_exceptions=no
lt_cv_prog_compiler_static_works=yes
lt_cv_prog_gnu_ld=yes
lt_cv_sys_global_symbol_pipe=
lt_cv_sys_global_symbol_to_c_name_address='sed -n -e '\''s/^: \([^ ]*\) $/  {\"\1\", (void *) 0},/p'\'' -e '\''s/^[ABCDGISTW]* \([^ ]*\) \([^ ]*\)$/  {"\2", (void *) \&\2},/p'\'''
lt_cv_sys_global_symbol_to_c_name_address_lib_prefix='sed -n -e '\''s/^: \([^ ]*\) $/  {\"\1\", (void *) 0},/p'\'' -e '\''s/^[ABCDGISTW]* \([^ ]*\) \(lib[^ ]*\)$/  {"\2", (void *) \&\2},/p'\'' -e '\''s/^[ABCDGISTW]* \([^ ]*\) \([^ ]*\)$/  {"lib\2", (void *) \&\2},/p'\'''
lt_cv_sys_global_symbol_to_cdecl=
lt_cv_sys_max_cmd_len=8192

## ----------------- ##
## Output variables. ##
## ----------------- ##

ACLOCAL='${SHELL} /home/CCLI0/stm8-binutils-gdb-sources/gdb_w64_2/binutils-2.30/missing --run aclocal-1.11'
AMDEPBACKSLASH='\'
AMDEP_FALSE='#'
AMDEP_TRUE=''
AMTAR='$${TAR-tar}'
AR='x86_64-w64-mingw32-ar'
AUTOCONF='${SHELL} /home/CCLI0/stm8-binutils-gdb-sources/gdb_w64_2/binutils-2.30/missing --run autoconf'
AUTOHEADER='${SHELL} /home/CCLI0/stm8-binutils-gdb-sources/gdb_w64_2/binutils-2.30/missing --run autoheader'
AUTOMAKE='${SHELL} /home/CCLI0/stm8-binutils-gdb-sources/gdb_w64_2/binutils-2.30/missing --run automake-1.11'
AWK='gawk'
CC='gcc'
CCDEPMODE='depmode=gcc3'
CFLAGS='-g -O2 -D__USE_MINGW_ACCESS'
COMPPATH='.'
CPP='gcc -E'
CPPFLAGS=''
CYGPATH_W='cygpath -w'
DEFS='-DPACKAGE_NAME=\"\" -DPACKAGE_TARNAME=\"\" -DPACKAGE_VERSION=\"\" -DPACKAGE_STRING=\"\" -DPACKAGE_BUGREPORT=\"\" -DPACKAGE_URL=\"\" -DPACKAGE=\"zlib\" -DVERSION=\"1.1.4\" -DSTDC_HEADERS=1 -DHAVE_SYS_TYPES_H=1 -DHAVE_SYS_STAT_H=1 -DHAVE_STDLIB_H=1 -DHAVE_STRING_H=1 -DHAVE_MEMORY_H=1 -DHAVE_STRINGS_H=1 -DHAVE_INTTYPES_H=1 -DHAVE_STDINT_H=1 -DHAVE_UNISTD_H=1 -DLT_OBJDIR=\".libs/\" -DHAVE_STDLIB_H=1 -DHAVE_UNISTD_H=1 -DHAVE_GETPAGESIZE=1 -DHAVE_MEMCPY=1 -DHAVE_STRERROR=1 -DHAVE_UNISTD_H=1'
DEPDIR='.deps'
DSYMUTIL=''
DUMPBIN=''
ECHO_C=''
ECHO_N='-n'
ECHO_T=''
EGREP='/usr/bin/grep -E'
EXEEXT='.exe'
FGREP='/usr/bin/grep -F'
GREP='/usr/bin/grep'
INSTALL_DATA='/usr/bin/install -c -m 644'
INSTALL_PROGRAM='/usr/bin/install -c'
INSTALL_SCRIPT='/usr/bin/install -c'
INSTALL_STRIP_PROGRAM='$(install_sh) -c -s'
LD='C:/msys64/mingw32/bin/../lib/gcc/i686-w64-mingw32/10.2.0/../../../../i686-w64-mingw32/bin/ld.exe'
LDFLAGS='-static-libstdc++ -static-libgcc -static -Wl,--stack,12582912'
LIBOBJS=''
LIBS=''
LIBTOOL='$(SHELL) $(top_builddir)/libtool'
LIPO=''
LN_S='cp -p'
LTLIBOBJS=''
MAINT='#'
MAINTAINER_MODE_FALSE=''
MAINTAINER_MODE_TRUE='#'
MAKEINFO='makeinfo --split-size=5000000'
MKDIR_P='/usr/bin/mkdir -p'
NM='x86_64-w64-mingw32-nm'
NMEDIT=''
OBJDUMP='x86_64-w64-mingw32-objdump'
OBJEXT='o'
OTOOL64=''
OTOOL=''
PACKAGE='zlib'
PACKAGE_BUGREPORT=''
PACKAGE_NAME=''
PACKAGE_STRING=''
PACKAGE_TARNAME=''
PACKAGE_URL=''
PACKAGE_VERSION=''
PATH_SEPARATOR=':'
PICFLAG=''
RANLIB='true'
SED='/usr/bin/sed'
SET_MAKE=''
SHELL='/bin/sh'
STRIP='strip'
TARGET_LIBRARY_FALSE=''
TARGET_LIBRARY_TRUE='#'
VERSION='1.1.4'
ac_ct_CC=''
ac_ct_DUMPBIN=''
am__EXEEXT_FALSE='#'
am__EXEEXT_TRUE=''
am__fastdepCC_FALSE='#'
am__fastdepCC_TRUE=''
am__include='include'
am__isrc=' -I$(srcdir)'
am__leading_dot='.'
am__nodep='_no'
am__quote=''
am__tar='$${TAR-tar} chof - "$$tardir"'
am__untar='$${TAR-tar} xf -'
bindir='${exec_prefix}/bin'
build='i686-w64-mingw32'
build_alias='i686-w64-mingw32'
build_cpu='i686'
build_os='mingw32'
build_vendor='w64'
datadir='${datarootdir}'
datarootdir='${prefix}/share'
docdir='${datarootdir}/doc/${PACKAGE}'
dvidir='${docdir}'
exec_prefix='${prefix}'
host='x86_64-w64-mingw32'
host_alias='x86_64-w64-mingw32'
host_cpu='x86_64'
host_os='mingw32'
host_vendor='w64'
htmldir='${docdir}'
includedir='${prefix}/include'
infodir='${datarootdir}/info'
install_sh='${SHELL} /home/CCLI0/stm8-binutils-gdb-sources/gdb_w64_2/binutils-2.30/install-sh'
libdir='${exec_prefix}/lib'
libexecdir='${exec_prefix}/libexec'
localedir='${datarootdir}/locale'
localstatedir='${prefix}/var'
mandir='${datarootdir}/man'
mkdir_p='/usr/bin/mkdir -p'
mkinstalldirs='/home/CCLI0/stm8-binutils-gdb-sources/gdb_w64_2/binutils-2.30/mkinstalldirs'
multi_basedir=''
oldincludedir='/usr/include'
pdfdir='${docdir}'
prefix='/mingw32'
program_transform_name='s&^&stm8-&'
psdir='${docdir}'
sbindir='${exec_prefix}/sbin'
sharedstatedir='${prefix}/com'
sysconfdir='${prefix}/etc'
target='stm8-none-elf32'
target_alias='stm8-none-elf32'
target_all='libzgcj.la'
target_cpu='stm8'
target_os='elf32'
target_vendor='none'
toolexecdir='$(libdir)/gcc-lib/$(target_alias)'
toolexeclibdir='$(libdir)/../lib'

## ----------- ##
## confdefs.h. ##
## ----------- ##

/* confdefs.h */
#define PACKAGE_NAME ""
#define PACKAGE_TARNAME ""
#define PACKAGE_VERSION ""
#define PACKAGE_STRING ""
#define PACKAGE_BUGREPORT ""
#define PACKAGE_URL ""
#define PACKAGE "zlib"
#define VERSION "1.1.4"
#define STDC_HEADERS 1
#define HAVE_SYS_TYPES_H 1
#define HAVE_SYS_STAT_H 1
#define HAVE_STDLIB_H 1
#define HAVE_STRING_H 1
#define HAVE_MEMORY_H 1
#define HAVE_STRINGS_H 1
#define HAVE_INTTYPES_H 1
#define HAVE_STDINT_H 1
#define HAVE_UNISTD_H 1
#define LT_OBJDIR ".libs/"
#define HAVE_STDLIB_H 1
#define HAVE_UNISTD_H 1
#define HAVE_GETPAGESIZE 1
#define HAVE_MEMCPY 1
#define HAVE_STRERROR 1
#define HAVE_UNISTD_H 1

configure: exit 0
